2016-07-18 22:32:36,993 [AWT-EventQueue-0] INFO  org.hibernate.jpa.internal.util.LogHelper.logPersistenceUnitInformation(LogHelper.java:46) - HHH000204: Processing PersistenceUnitInfo [
	name: trzUnit
	...]
2016-07-18 22:32:37,136 [AWT-EventQueue-0] INFO  org.hibernate.Version.logVersion(Version.java:54) - HHH000412: Hibernate Core {4.3.8.Final}
2016-07-18 22:32:37,138 [AWT-EventQueue-0] INFO  org.hibernate.cfg.Environment.<clinit>(Environment.java:239) - HHH000206: hibernate.properties not found
2016-07-18 22:32:37,140 [AWT-EventQueue-0] INFO  org.hibernate.cfg.Environment.buildBytecodeProvider(Environment.java:346) - HHH000021: Bytecode provider name : javassist
2016-07-18 22:32:37,569 [AWT-EventQueue-0] INFO  org.hibernate.annotations.common.reflection.java.JavaReflectionManager.<clinit>(JavaReflectionManager.java:66) - HCANN000001: Hibernate Commons Annotations {4.0.5.Final}
2016-07-18 22:32:37,632 [AWT-EventQueue-0] INFO  org.hibernate.c3p0.internal.C3P0ConnectionProvider.configure(C3P0ConnectionProvider.java:134) - HHH010002: C3P0 using driver: oracle.jdbc.OracleDriver at URL: jdbc:oracle:thin:@localhost:1521/xe
2016-07-18 22:32:37,633 [AWT-EventQueue-0] INFO  org.hibernate.c3p0.internal.C3P0ConnectionProvider.configure(C3P0ConnectionProvider.java:135) - HHH000046: Connection properties: {user=trz, password=****}
2016-07-18 22:32:37,634 [AWT-EventQueue-0] INFO  org.hibernate.c3p0.internal.C3P0ConnectionProvider.configure(C3P0ConnectionProvider.java:138) - HHH000006: Autocommit mode: false
2016-07-18 22:32:39,576 [AWT-EventQueue-0] INFO  org.hibernate.dialect.Dialect.<init>(Dialect.java:145) - HHH000400: Using dialect: org.hibernate.dialect.Oracle10gDialect
2016-07-18 22:32:39,590 [AWT-EventQueue-0] INFO  org.hibernate.engine.jdbc.internal.LobCreatorBuilder.useContextualLobCreation(LobCreatorBuilder.java:123) - HHH000424: Disabling contextual LOB creation as createClob() method threw error : java.lang.reflect.InvocationTargetException
2016-07-18 22:32:40,333 [AWT-EventQueue-0] INFO  org.hibernate.hql.internal.ast.ASTQueryTranslatorFactory.<init>(ASTQueryTranslatorFactory.java:47) - HHH000397: Using ASTQueryTranslatorFactory
2016-07-18 22:39:23,511 [AWT-EventQueue-0] INFO  org.hibernate.jpa.internal.util.LogHelper.logPersistenceUnitInformation(LogHelper.java:46) - HHH000204: Processing PersistenceUnitInfo [
	name: trzUnit
	...]
2016-07-18 22:39:23,625 [AWT-EventQueue-0] INFO  org.hibernate.Version.logVersion(Version.java:54) - HHH000412: Hibernate Core {4.3.8.Final}
2016-07-18 22:39:23,626 [AWT-EventQueue-0] INFO  org.hibernate.cfg.Environment.<clinit>(Environment.java:239) - HHH000206: hibernate.properties not found
2016-07-18 22:39:23,629 [AWT-EventQueue-0] INFO  org.hibernate.cfg.Environment.buildBytecodeProvider(Environment.java:346) - HHH000021: Bytecode provider name : javassist
2016-07-18 22:39:24,184 [AWT-EventQueue-0] INFO  org.hibernate.annotations.common.reflection.java.JavaReflectionManager.<clinit>(JavaReflectionManager.java:66) - HCANN000001: Hibernate Commons Annotations {4.0.5.Final}
2016-07-18 22:39:24,239 [AWT-EventQueue-0] INFO  org.hibernate.c3p0.internal.C3P0ConnectionProvider.configure(C3P0ConnectionProvider.java:134) - HHH010002: C3P0 using driver: oracle.jdbc.OracleDriver at URL: jdbc:oracle:thin:@localhost:1521/xe
2016-07-18 22:39:24,240 [AWT-EventQueue-0] INFO  org.hibernate.c3p0.internal.C3P0ConnectionProvider.configure(C3P0ConnectionProvider.java:135) - HHH000046: Connection properties: {user=trz, password=****}
2016-07-18 22:39:24,240 [AWT-EventQueue-0] INFO  org.hibernate.c3p0.internal.C3P0ConnectionProvider.configure(C3P0ConnectionProvider.java:138) - HHH000006: Autocommit mode: false
2016-07-18 22:39:24,959 [AWT-EventQueue-0] INFO  org.hibernate.dialect.Dialect.<init>(Dialect.java:145) - HHH000400: Using dialect: org.hibernate.dialect.Oracle10gDialect
2016-07-18 22:39:24,967 [AWT-EventQueue-0] INFO  org.hibernate.engine.jdbc.internal.LobCreatorBuilder.useContextualLobCreation(LobCreatorBuilder.java:123) - HHH000424: Disabling contextual LOB creation as createClob() method threw error : java.lang.reflect.InvocationTargetException
2016-07-18 22:39:25,310 [AWT-EventQueue-0] INFO  org.hibernate.hql.internal.ast.ASTQueryTranslatorFactory.<init>(ASTQueryTranslatorFactory.java:47) - HHH000397: Using ASTQueryTranslatorFactory
2016-07-18 22:40:29,593 [AWT-EventQueue-0] INFO  org.hibernate.jpa.internal.util.LogHelper.logPersistenceUnitInformation(LogHelper.java:46) - HHH000204: Processing PersistenceUnitInfo [
	name: trzUnit
	...]
2016-07-18 22:40:29,705 [AWT-EventQueue-0] INFO  org.hibernate.Version.logVersion(Version.java:54) - HHH000412: Hibernate Core {4.3.8.Final}
2016-07-18 22:40:29,708 [AWT-EventQueue-0] INFO  org.hibernate.cfg.Environment.<clinit>(Environment.java:239) - HHH000206: hibernate.properties not found
2016-07-18 22:40:29,710 [AWT-EventQueue-0] INFO  org.hibernate.cfg.Environment.buildBytecodeProvider(Environment.java:346) - HHH000021: Bytecode provider name : javassist
2016-07-18 22:40:30,673 [AWT-EventQueue-0] INFO  org.hibernate.annotations.common.reflection.java.JavaReflectionManager.<clinit>(JavaReflectionManager.java:66) - HCANN000001: Hibernate Commons Annotations {4.0.5.Final}
2016-07-18 22:40:30,726 [AWT-EventQueue-0] INFO  org.hibernate.c3p0.internal.C3P0ConnectionProvider.configure(C3P0ConnectionProvider.java:134) - HHH010002: C3P0 using driver: oracle.jdbc.OracleDriver at URL: jdbc:oracle:thin:@localhost:1521/xe
2016-07-18 22:40:30,726 [AWT-EventQueue-0] INFO  org.hibernate.c3p0.internal.C3P0ConnectionProvider.configure(C3P0ConnectionProvider.java:135) - HHH000046: Connection properties: {user=trz, password=****}
2016-07-18 22:40:30,727 [AWT-EventQueue-0] INFO  org.hibernate.c3p0.internal.C3P0ConnectionProvider.configure(C3P0ConnectionProvider.java:138) - HHH000006: Autocommit mode: false
2016-07-18 22:40:31,463 [AWT-EventQueue-0] INFO  org.hibernate.dialect.Dialect.<init>(Dialect.java:145) - HHH000400: Using dialect: org.hibernate.dialect.Oracle10gDialect
2016-07-18 22:40:31,471 [AWT-EventQueue-0] INFO  org.hibernate.engine.jdbc.internal.LobCreatorBuilder.useContextualLobCreation(LobCreatorBuilder.java:123) - HHH000424: Disabling contextual LOB creation as createClob() method threw error : java.lang.reflect.InvocationTargetException
2016-07-18 22:40:31,839 [AWT-EventQueue-0] INFO  org.hibernate.hql.internal.ast.ASTQueryTranslatorFactory.<init>(ASTQueryTranslatorFactory.java:47) - HHH000397: Using ASTQueryTranslatorFactory
2016-07-18 22:41:01,086 [AWT-EventQueue-0] INFO  org.hibernate.jpa.internal.util.LogHelper.logPersistenceUnitInformation(LogHelper.java:46) - HHH000204: Processing PersistenceUnitInfo [
	name: trzUnit
	...]
2016-07-18 22:41:01,163 [AWT-EventQueue-0] INFO  org.hibernate.c3p0.internal.C3P0ConnectionProvider.configure(C3P0ConnectionProvider.java:134) - HHH010002: C3P0 using driver: oracle.jdbc.OracleDriver at URL: jdbc:oracle:thin:@localhost:1521/xe
2016-07-18 22:41:01,164 [AWT-EventQueue-0] INFO  org.hibernate.c3p0.internal.C3P0ConnectionProvider.configure(C3P0ConnectionProvider.java:135) - HHH000046: Connection properties: {user=trz, password=****}
2016-07-18 22:41:01,164 [AWT-EventQueue-0] INFO  org.hibernate.c3p0.internal.C3P0ConnectionProvider.configure(C3P0ConnectionProvider.java:138) - HHH000006: Autocommit mode: false
2016-07-18 22:41:01,255 [AWT-EventQueue-0] INFO  org.hibernate.dialect.Dialect.<init>(Dialect.java:145) - HHH000400: Using dialect: org.hibernate.dialect.Oracle10gDialect
2016-07-18 22:41:01,257 [AWT-EventQueue-0] INFO  org.hibernate.engine.jdbc.internal.LobCreatorBuilder.useContextualLobCreation(LobCreatorBuilder.java:123) - HHH000424: Disabling contextual LOB creation as createClob() method threw error : java.lang.reflect.InvocationTargetException
2016-07-18 22:41:01,324 [AWT-EventQueue-0] INFO  org.hibernate.hql.internal.ast.ASTQueryTranslatorFactory.<init>(ASTQueryTranslatorFactory.java:47) - HHH000397: Using ASTQueryTranslatorFactory
2016-07-18 22:41:01,470 [AWT-EventQueue-0] WARN  org.hibernate.jpa.internal.EntityManagerFactoryRegistry.addEntityManagerFactory(EntityManagerFactoryRegistry.java:80) - HHH000436: Entity manager factory name (trzUnit) is already registered.  If entity manager will be clustered or passivated, specify a unique value for property 'hibernate.ejb.entitymanager_factory_name'
2016-07-18 22:41:34,723 [AWT-EventQueue-0] INFO  org.hibernate.jpa.internal.util.LogHelper.logPersistenceUnitInformation(LogHelper.java:46) - HHH000204: Processing PersistenceUnitInfo [
	name: trzUnit
	...]
2016-07-18 22:41:35,728 [AWT-EventQueue-0] INFO  org.hibernate.c3p0.internal.C3P0ConnectionProvider.configure(C3P0ConnectionProvider.java:134) - HHH010002: C3P0 using driver: oracle.jdbc.OracleDriver at URL: jdbc:oracle:thin:@localhost:1521/xe
2016-07-18 22:41:35,729 [AWT-EventQueue-0] INFO  org.hibernate.c3p0.internal.C3P0ConnectionProvider.configure(C3P0ConnectionProvider.java:135) - HHH000046: Connection properties: {user=trz, password=****}
2016-07-18 22:41:35,729 [AWT-EventQueue-0] INFO  org.hibernate.c3p0.internal.C3P0ConnectionProvider.configure(C3P0ConnectionProvider.java:138) - HHH000006: Autocommit mode: false
2016-07-18 22:41:35,802 [AWT-EventQueue-0] INFO  org.hibernate.dialect.Dialect.<init>(Dialect.java:145) - HHH000400: Using dialect: org.hibernate.dialect.Oracle10gDialect
2016-07-18 22:41:35,803 [AWT-EventQueue-0] INFO  org.hibernate.engine.jdbc.internal.LobCreatorBuilder.useContextualLobCreation(LobCreatorBuilder.java:123) - HHH000424: Disabling contextual LOB creation as createClob() method threw error : java.lang.reflect.InvocationTargetException
2016-07-18 22:41:35,853 [AWT-EventQueue-0] INFO  org.hibernate.hql.internal.ast.ASTQueryTranslatorFactory.<init>(ASTQueryTranslatorFactory.java:47) - HHH000397: Using ASTQueryTranslatorFactory
2016-07-18 22:41:35,961 [AWT-EventQueue-0] WARN  org.hibernate.jpa.internal.EntityManagerFactoryRegistry.addEntityManagerFactory(EntityManagerFactoryRegistry.java:80) - HHH000436: Entity manager factory name (trzUnit) is already registered.  If entity manager will be clustered or passivated, specify a unique value for property 'hibernate.ejb.entitymanager_factory_name'
2016-07-18 22:41:36,009 [AWT-EventQueue-0] INFO  org.hibernate.jpa.internal.util.LogHelper.logPersistenceUnitInformation(LogHelper.java:46) - HHH000204: Processing PersistenceUnitInfo [
	name: trzUnit
	...]
2016-07-18 22:41:36,085 [AWT-EventQueue-0] INFO  org.hibernate.c3p0.internal.C3P0ConnectionProvider.configure(C3P0ConnectionProvider.java:134) - HHH010002: C3P0 using driver: oracle.jdbc.OracleDriver at URL: jdbc:oracle:thin:@localhost:1521/xe
2016-07-18 22:41:36,086 [AWT-EventQueue-0] INFO  org.hibernate.c3p0.internal.C3P0ConnectionProvider.configure(C3P0ConnectionProvider.java:135) - HHH000046: Connection properties: {user=trz, password=****}
2016-07-18 22:41:36,086 [AWT-EventQueue-0] INFO  org.hibernate.c3p0.internal.C3P0ConnectionProvider.configure(C3P0ConnectionProvider.java:138) - HHH000006: Autocommit mode: false
2016-07-18 22:41:36,190 [AWT-EventQueue-0] INFO  org.hibernate.dialect.Dialect.<init>(Dialect.java:145) - HHH000400: Using dialect: org.hibernate.dialect.Oracle10gDialect
2016-07-18 22:41:36,190 [AWT-EventQueue-0] INFO  org.hibernate.engine.jdbc.internal.LobCreatorBuilder.useContextualLobCreation(LobCreatorBuilder.java:123) - HHH000424: Disabling contextual LOB creation as createClob() method threw error : java.lang.reflect.InvocationTargetException
2016-07-18 22:41:36,234 [AWT-EventQueue-0] INFO  org.hibernate.hql.internal.ast.ASTQueryTranslatorFactory.<init>(ASTQueryTranslatorFactory.java:47) - HHH000397: Using ASTQueryTranslatorFactory
2016-07-18 22:41:36,323 [AWT-EventQueue-0] WARN  org.hibernate.jpa.internal.EntityManagerFactoryRegistry.addEntityManagerFactory(EntityManagerFactoryRegistry.java:80) - HHH000436: Entity manager factory name (trzUnit) is already registered.  If entity manager will be clustered or passivated, specify a unique value for property 'hibernate.ejb.entitymanager_factory_name'
2016-07-18 22:41:36,462 [AWT-EventQueue-0] INFO  org.hibernate.jpa.internal.util.LogHelper.logPersistenceUnitInformation(LogHelper.java:46) - HHH000204: Processing PersistenceUnitInfo [
	name: trzUnit
	...]
2016-07-18 22:41:36,523 [AWT-EventQueue-0] INFO  org.hibernate.c3p0.internal.C3P0ConnectionProvider.configure(C3P0ConnectionProvider.java:134) - HHH010002: C3P0 using driver: oracle.jdbc.OracleDriver at URL: jdbc:oracle:thin:@localhost:1521/xe
2016-07-18 22:41:36,524 [AWT-EventQueue-0] INFO  org.hibernate.c3p0.internal.C3P0ConnectionProvider.configure(C3P0ConnectionProvider.java:135) - HHH000046: Connection properties: {user=trz, password=****}
2016-07-18 22:41:36,524 [AWT-EventQueue-0] INFO  org.hibernate.c3p0.internal.C3P0ConnectionProvider.configure(C3P0ConnectionProvider.java:138) - HHH000006: Autocommit mode: false
2016-07-18 22:41:36,604 [AWT-EventQueue-0] INFO  org.hibernate.dialect.Dialect.<init>(Dialect.java:145) - HHH000400: Using dialect: org.hibernate.dialect.Oracle10gDialect
2016-07-18 22:41:36,605 [AWT-EventQueue-0] INFO  org.hibernate.engine.jdbc.internal.LobCreatorBuilder.useContextualLobCreation(LobCreatorBuilder.java:123) - HHH000424: Disabling contextual LOB creation as createClob() method threw error : java.lang.reflect.InvocationTargetException
2016-07-18 22:41:36,640 [AWT-EventQueue-0] INFO  org.hibernate.hql.internal.ast.ASTQueryTranslatorFactory.<init>(ASTQueryTranslatorFactory.java:47) - HHH000397: Using ASTQueryTranslatorFactory
2016-07-18 22:41:36,706 [AWT-EventQueue-0] WARN  org.hibernate.jpa.internal.EntityManagerFactoryRegistry.addEntityManagerFactory(EntityManagerFactoryRegistry.java:80) - HHH000436: Entity manager factory name (trzUnit) is already registered.  If entity manager will be clustered or passivated, specify a unique value for property 'hibernate.ejb.entitymanager_factory_name'
2016-07-18 22:42:55,393 [AWT-EventQueue-0] INFO  org.hibernate.jpa.internal.util.LogHelper.logPersistenceUnitInformation(LogHelper.java:46) - HHH000204: Processing PersistenceUnitInfo [
	name: trzUnit
	...]
2016-07-18 22:42:55,448 [AWT-EventQueue-0] INFO  org.hibernate.c3p0.internal.C3P0ConnectionProvider.configure(C3P0ConnectionProvider.java:134) - HHH010002: C3P0 using driver: oracle.jdbc.OracleDriver at URL: jdbc:oracle:thin:@localhost:1521/xe
2016-07-18 22:42:55,449 [AWT-EventQueue-0] INFO  org.hibernate.c3p0.internal.C3P0ConnectionProvider.configure(C3P0ConnectionProvider.java:135) - HHH000046: Connection properties: {user=trz, password=****}
2016-07-18 22:42:55,449 [AWT-EventQueue-0] INFO  org.hibernate.c3p0.internal.C3P0ConnectionProvider.configure(C3P0ConnectionProvider.java:138) - HHH000006: Autocommit mode: false
2016-07-18 22:42:55,498 [AWT-EventQueue-0] INFO  org.hibernate.dialect.Dialect.<init>(Dialect.java:145) - HHH000400: Using dialect: org.hibernate.dialect.Oracle10gDialect
2016-07-18 22:42:55,499 [AWT-EventQueue-0] INFO  org.hibernate.engine.jdbc.internal.LobCreatorBuilder.useContextualLobCreation(LobCreatorBuilder.java:123) - HHH000424: Disabling contextual LOB creation as createClob() method threw error : java.lang.reflect.InvocationTargetException
2016-07-18 22:42:55,550 [AWT-EventQueue-0] INFO  org.hibernate.hql.internal.ast.ASTQueryTranslatorFactory.<init>(ASTQueryTranslatorFactory.java:47) - HHH000397: Using ASTQueryTranslatorFactory
2016-07-18 22:42:55,623 [AWT-EventQueue-0] WARN  org.hibernate.jpa.internal.EntityManagerFactoryRegistry.addEntityManagerFactory(EntityManagerFactoryRegistry.java:80) - HHH000436: Entity manager factory name (trzUnit) is already registered.  If entity manager will be clustered or passivated, specify a unique value for property 'hibernate.ejb.entitymanager_factory_name'
2016-07-18 22:42:55,674 [AWT-EventQueue-0] INFO  org.hibernate.jpa.internal.util.LogHelper.logPersistenceUnitInformation(LogHelper.java:46) - HHH000204: Processing PersistenceUnitInfo [
	name: trzUnit
	...]
2016-07-18 22:42:55,733 [AWT-EventQueue-0] INFO  org.hibernate.c3p0.internal.C3P0ConnectionProvider.configure(C3P0ConnectionProvider.java:134) - HHH010002: C3P0 using driver: oracle.jdbc.OracleDriver at URL: jdbc:oracle:thin:@localhost:1521/xe
2016-07-18 22:42:55,733 [AWT-EventQueue-0] INFO  org.hibernate.c3p0.internal.C3P0ConnectionProvider.configure(C3P0ConnectionProvider.java:135) - HHH000046: Connection properties: {user=trz, password=****}
2016-07-18 22:42:55,734 [AWT-EventQueue-0] INFO  org.hibernate.c3p0.internal.C3P0ConnectionProvider.configure(C3P0ConnectionProvider.java:138) - HHH000006: Autocommit mode: false
2016-07-18 22:42:55,818 [AWT-EventQueue-0] INFO  org.hibernate.dialect.Dialect.<init>(Dialect.java:145) - HHH000400: Using dialect: org.hibernate.dialect.Oracle10gDialect
2016-07-18 22:42:55,819 [AWT-EventQueue-0] INFO  org.hibernate.engine.jdbc.internal.LobCreatorBuilder.useContextualLobCreation(LobCreatorBuilder.java:123) - HHH000424: Disabling contextual LOB creation as createClob() method threw error : java.lang.reflect.InvocationTargetException
2016-07-18 22:42:55,851 [AWT-EventQueue-0] INFO  org.hibernate.hql.internal.ast.ASTQueryTranslatorFactory.<init>(ASTQueryTranslatorFactory.java:47) - HHH000397: Using ASTQueryTranslatorFactory
2016-07-18 22:42:55,943 [AWT-EventQueue-0] WARN  org.hibernate.jpa.internal.EntityManagerFactoryRegistry.addEntityManagerFactory(EntityManagerFactoryRegistry.java:80) - HHH000436: Entity manager factory name (trzUnit) is already registered.  If entity manager will be clustered or passivated, specify a unique value for property 'hibernate.ejb.entitymanager_factory_name'
2016-07-18 22:42:55,998 [AWT-EventQueue-0] INFO  org.hibernate.jpa.internal.util.LogHelper.logPersistenceUnitInformation(LogHelper.java:46) - HHH000204: Processing PersistenceUnitInfo [
	name: trzUnit
	...]
2016-07-18 22:42:56,072 [AWT-EventQueue-0] INFO  org.hibernate.c3p0.internal.C3P0ConnectionProvider.configure(C3P0ConnectionProvider.java:134) - HHH010002: C3P0 using driver: oracle.jdbc.OracleDriver at URL: jdbc:oracle:thin:@localhost:1521/xe
2016-07-18 22:42:56,072 [AWT-EventQueue-0] INFO  org.hibernate.c3p0.internal.C3P0ConnectionProvider.configure(C3P0ConnectionProvider.java:135) - HHH000046: Connection properties: {user=trz, password=****}
2016-07-18 22:42:56,073 [AWT-EventQueue-0] INFO  org.hibernate.c3p0.internal.C3P0ConnectionProvider.configure(C3P0ConnectionProvider.java:138) - HHH000006: Autocommit mode: false
2016-07-18 22:42:56,206 [AWT-EventQueue-0] INFO  org.hibernate.dialect.Dialect.<init>(Dialect.java:145) - HHH000400: Using dialect: org.hibernate.dialect.Oracle10gDialect
2016-07-18 22:42:56,207 [AWT-EventQueue-0] INFO  org.hibernate.engine.jdbc.internal.LobCreatorBuilder.useContextualLobCreation(LobCreatorBuilder.java:123) - HHH000424: Disabling contextual LOB creation as createClob() method threw error : java.lang.reflect.InvocationTargetException
2016-07-18 22:42:56,240 [AWT-EventQueue-0] INFO  org.hibernate.hql.internal.ast.ASTQueryTranslatorFactory.<init>(ASTQueryTranslatorFactory.java:47) - HHH000397: Using ASTQueryTranslatorFactory
2016-07-18 22:42:56,324 [AWT-EventQueue-0] WARN  org.hibernate.jpa.internal.EntityManagerFactoryRegistry.addEntityManagerFactory(EntityManagerFactoryRegistry.java:80) - HHH000436: Entity manager factory name (trzUnit) is already registered.  If entity manager will be clustered or passivated, specify a unique value for property 'hibernate.ejb.entitymanager_factory_name'
2016-07-18 22:43:13,421 [AWT-EventQueue-0] INFO  org.hibernate.jpa.internal.util.LogHelper.logPersistenceUnitInformation(LogHelper.java:46) - HHH000204: Processing PersistenceUnitInfo [
	name: trzUnit
	...]
2016-07-18 22:43:13,469 [AWT-EventQueue-0] INFO  org.hibernate.c3p0.internal.C3P0ConnectionProvider.configure(C3P0ConnectionProvider.java:134) - HHH010002: C3P0 using driver: oracle.jdbc.OracleDriver at URL: jdbc:oracle:thin:@localhost:1521/xe
2016-07-18 22:43:13,469 [AWT-EventQueue-0] INFO  org.hibernate.c3p0.internal.C3P0ConnectionProvider.configure(C3P0ConnectionProvider.java:135) - HHH000046: Connection properties: {user=trz, password=****}
2016-07-18 22:43:13,469 [AWT-EventQueue-0] INFO  org.hibernate.c3p0.internal.C3P0ConnectionProvider.configure(C3P0ConnectionProvider.java:138) - HHH000006: Autocommit mode: false
2016-07-18 22:43:13,558 [AWT-EventQueue-0] INFO  org.hibernate.dialect.Dialect.<init>(Dialect.java:145) - HHH000400: Using dialect: org.hibernate.dialect.Oracle10gDialect
2016-07-18 22:43:13,566 [AWT-EventQueue-0] INFO  org.hibernate.engine.jdbc.internal.LobCreatorBuilder.useContextualLobCreation(LobCreatorBuilder.java:123) - HHH000424: Disabling contextual LOB creation as createClob() method threw error : java.lang.reflect.InvocationTargetException
2016-07-18 22:43:13,596 [AWT-EventQueue-0] INFO  org.hibernate.hql.internal.ast.ASTQueryTranslatorFactory.<init>(ASTQueryTranslatorFactory.java:47) - HHH000397: Using ASTQueryTranslatorFactory
2016-07-18 22:43:13,653 [AWT-EventQueue-0] WARN  org.hibernate.jpa.internal.EntityManagerFactoryRegistry.addEntityManagerFactory(EntityManagerFactoryRegistry.java:80) - HHH000436: Entity manager factory name (trzUnit) is already registered.  If entity manager will be clustered or passivated, specify a unique value for property 'hibernate.ejb.entitymanager_factory_name'
2016-07-18 22:43:23,879 [AWT-EventQueue-0] INFO  org.hibernate.jpa.internal.util.LogHelper.logPersistenceUnitInformation(LogHelper.java:46) - HHH000204: Processing PersistenceUnitInfo [
	name: trzUnit
	...]
2016-07-18 22:43:23,935 [AWT-EventQueue-0] INFO  org.hibernate.c3p0.internal.C3P0ConnectionProvider.configure(C3P0ConnectionProvider.java:134) - HHH010002: C3P0 using driver: oracle.jdbc.OracleDriver at URL: jdbc:oracle:thin:@localhost:1521/xe
2016-07-18 22:43:23,936 [AWT-EventQueue-0] INFO  org.hibernate.c3p0.internal.C3P0ConnectionProvider.configure(C3P0ConnectionProvider.java:135) - HHH000046: Connection properties: {user=trz, password=****}
2016-07-18 22:43:23,936 [AWT-EventQueue-0] INFO  org.hibernate.c3p0.internal.C3P0ConnectionProvider.configure(C3P0ConnectionProvider.java:138) - HHH000006: Autocommit mode: false
2016-07-18 22:43:23,992 [AWT-EventQueue-0] INFO  org.hibernate.dialect.Dialect.<init>(Dialect.java:145) - HHH000400: Using dialect: org.hibernate.dialect.Oracle10gDialect
2016-07-18 22:43:23,993 [AWT-EventQueue-0] INFO  org.hibernate.engine.jdbc.internal.LobCreatorBuilder.useContextualLobCreation(LobCreatorBuilder.java:123) - HHH000424: Disabling contextual LOB creation as createClob() method threw error : java.lang.reflect.InvocationTargetException
2016-07-18 22:43:24,029 [AWT-EventQueue-0] INFO  org.hibernate.hql.internal.ast.ASTQueryTranslatorFactory.<init>(ASTQueryTranslatorFactory.java:47) - HHH000397: Using ASTQueryTranslatorFactory
2016-07-18 22:43:24,080 [AWT-EventQueue-0] WARN  org.hibernate.jpa.internal.EntityManagerFactoryRegistry.addEntityManagerFactory(EntityManagerFactoryRegistry.java:80) - HHH000436: Entity manager factory name (trzUnit) is already registered.  If entity manager will be clustered or passivated, specify a unique value for property 'hibernate.ejb.entitymanager_factory_name'
2016-07-18 22:43:24,099 [AWT-EventQueue-0] INFO  org.hibernate.jpa.internal.util.LogHelper.logPersistenceUnitInformation(LogHelper.java:46) - HHH000204: Processing PersistenceUnitInfo [
	name: trzUnit
	...]
2016-07-18 22:43:24,156 [AWT-EventQueue-0] INFO  org.hibernate.c3p0.internal.C3P0ConnectionProvider.configure(C3P0ConnectionProvider.java:134) - HHH010002: C3P0 using driver: oracle.jdbc.OracleDriver at URL: jdbc:oracle:thin:@localhost:1521/xe
2016-07-18 22:43:24,156 [AWT-EventQueue-0] INFO  org.hibernate.c3p0.internal.C3P0ConnectionProvider.configure(C3P0ConnectionProvider.java:135) - HHH000046: Connection properties: {user=trz, password=****}
2016-07-18 22:43:24,157 [AWT-EventQueue-0] INFO  org.hibernate.c3p0.internal.C3P0ConnectionProvider.configure(C3P0ConnectionProvider.java:138) - HHH000006: Autocommit mode: false
2016-07-18 22:43:24,283 [AWT-EventQueue-0] INFO  org.hibernate.dialect.Dialect.<init>(Dialect.java:145) - HHH000400: Using dialect: org.hibernate.dialect.Oracle10gDialect
2016-07-18 22:43:24,283 [AWT-EventQueue-0] INFO  org.hibernate.engine.jdbc.internal.LobCreatorBuilder.useContextualLobCreation(LobCreatorBuilder.java:123) - HHH000424: Disabling contextual LOB creation as createClob() method threw error : java.lang.reflect.InvocationTargetException
2016-07-18 22:43:24,312 [AWT-EventQueue-0] INFO  org.hibernate.hql.internal.ast.ASTQueryTranslatorFactory.<init>(ASTQueryTranslatorFactory.java:47) - HHH000397: Using ASTQueryTranslatorFactory
2016-07-18 22:43:24,366 [AWT-EventQueue-0] WARN  org.hibernate.jpa.internal.EntityManagerFactoryRegistry.addEntityManagerFactory(EntityManagerFactoryRegistry.java:80) - HHH000436: Entity manager factory name (trzUnit) is already registered.  If entity manager will be clustered or passivated, specify a unique value for property 'hibernate.ejb.entitymanager_factory_name'
2016-07-18 22:43:24,442 [AWT-EventQueue-0] INFO  org.hibernate.jpa.internal.util.LogHelper.logPersistenceUnitInformation(LogHelper.java:46) - HHH000204: Processing PersistenceUnitInfo [
	name: trzUnit
	...]
2016-07-18 22:43:24,519 [AWT-EventQueue-0] INFO  org.hibernate.c3p0.internal.C3P0ConnectionProvider.configure(C3P0ConnectionProvider.java:134) - HHH010002: C3P0 using driver: oracle.jdbc.OracleDriver at URL: jdbc:oracle:thin:@localhost:1521/xe
2016-07-18 22:43:24,519 [AWT-EventQueue-0] INFO  org.hibernate.c3p0.internal.C3P0ConnectionProvider.configure(C3P0ConnectionProvider.java:135) - HHH000046: Connection properties: {user=trz, password=****}
2016-07-18 22:43:24,520 [AWT-EventQueue-0] INFO  org.hibernate.c3p0.internal.C3P0ConnectionProvider.configure(C3P0ConnectionProvider.java:138) - HHH000006: Autocommit mode: false
2016-07-18 22:43:24,615 [AWT-EventQueue-0] INFO  org.hibernate.dialect.Dialect.<init>(Dialect.java:145) - HHH000400: Using dialect: org.hibernate.dialect.Oracle10gDialect
2016-07-18 22:43:24,616 [AWT-EventQueue-0] INFO  org.hibernate.engine.jdbc.internal.LobCreatorBuilder.useContextualLobCreation(LobCreatorBuilder.java:123) - HHH000424: Disabling contextual LOB creation as createClob() method threw error : java.lang.reflect.InvocationTargetException
2016-07-18 22:43:24,645 [AWT-EventQueue-0] INFO  org.hibernate.hql.internal.ast.ASTQueryTranslatorFactory.<init>(ASTQueryTranslatorFactory.java:47) - HHH000397: Using ASTQueryTranslatorFactory
2016-07-18 22:43:24,700 [AWT-EventQueue-0] WARN  org.hibernate.jpa.internal.EntityManagerFactoryRegistry.addEntityManagerFactory(EntityManagerFactoryRegistry.java:80) - HHH000436: Entity manager factory name (trzUnit) is already registered.  If entity manager will be clustered or passivated, specify a unique value for property 'hibernate.ejb.entitymanager_factory_name'
2016-07-18 22:45:34,121 [AWT-EventQueue-0] INFO  org.hibernate.jpa.internal.util.LogHelper.logPersistenceUnitInformation(LogHelper.java:46) - HHH000204: Processing PersistenceUnitInfo [
	name: trzUnit
	...]
2016-07-18 22:45:34,168 [AWT-EventQueue-0] INFO  org.hibernate.c3p0.internal.C3P0ConnectionProvider.configure(C3P0ConnectionProvider.java:134) - HHH010002: C3P0 using driver: oracle.jdbc.OracleDriver at URL: jdbc:oracle:thin:@localhost:1521/xe
2016-07-18 22:45:34,168 [AWT-EventQueue-0] INFO  org.hibernate.c3p0.internal.C3P0ConnectionProvider.configure(C3P0ConnectionProvider.java:135) - HHH000046: Connection properties: {user=trz, password=****}
2016-07-18 22:45:34,168 [AWT-EventQueue-0] INFO  org.hibernate.c3p0.internal.C3P0ConnectionProvider.configure(C3P0ConnectionProvider.java:138) - HHH000006: Autocommit mode: false
2016-07-18 22:45:34,221 [AWT-EventQueue-0] INFO  org.hibernate.dialect.Dialect.<init>(Dialect.java:145) - HHH000400: Using dialect: org.hibernate.dialect.Oracle10gDialect
2016-07-18 22:45:34,221 [AWT-EventQueue-0] INFO  org.hibernate.engine.jdbc.internal.LobCreatorBuilder.useContextualLobCreation(LobCreatorBuilder.java:123) - HHH000424: Disabling contextual LOB creation as createClob() method threw error : java.lang.reflect.InvocationTargetException
2016-07-18 22:45:34,258 [AWT-EventQueue-0] INFO  org.hibernate.hql.internal.ast.ASTQueryTranslatorFactory.<init>(ASTQueryTranslatorFactory.java:47) - HHH000397: Using ASTQueryTranslatorFactory
2016-07-18 22:45:34,318 [AWT-EventQueue-0] WARN  org.hibernate.jpa.internal.EntityManagerFactoryRegistry.addEntityManagerFactory(EntityManagerFactoryRegistry.java:80) - HHH000436: Entity manager factory name (trzUnit) is already registered.  If entity manager will be clustered or passivated, specify a unique value for property 'hibernate.ejb.entitymanager_factory_name'
2016-07-19 08:03:24,387 [AWT-EventQueue-0] INFO  org.hibernate.jpa.internal.util.LogHelper.logPersistenceUnitInformation(LogHelper.java:46) - HHH000204: Processing PersistenceUnitInfo [
	name: trzUnit
	...]
2016-07-19 08:03:24,503 [AWT-EventQueue-0] INFO  org.hibernate.Version.logVersion(Version.java:54) - HHH000412: Hibernate Core {4.3.8.Final}
2016-07-19 08:03:24,505 [AWT-EventQueue-0] INFO  org.hibernate.cfg.Environment.<clinit>(Environment.java:239) - HHH000206: hibernate.properties not found
2016-07-19 08:03:24,507 [AWT-EventQueue-0] INFO  org.hibernate.cfg.Environment.buildBytecodeProvider(Environment.java:346) - HHH000021: Bytecode provider name : javassist
2016-07-19 08:03:25,448 [AWT-EventQueue-0] INFO  org.hibernate.annotations.common.reflection.java.JavaReflectionManager.<clinit>(JavaReflectionManager.java:66) - HCANN000001: Hibernate Commons Annotations {4.0.5.Final}
2016-07-19 08:03:25,506 [AWT-EventQueue-0] INFO  org.hibernate.c3p0.internal.C3P0ConnectionProvider.configure(C3P0ConnectionProvider.java:134) - HHH010002: C3P0 using driver: oracle.jdbc.OracleDriver at URL: jdbc:oracle:thin:@localhost:1521/xe
2016-07-19 08:03:25,507 [AWT-EventQueue-0] INFO  org.hibernate.c3p0.internal.C3P0ConnectionProvider.configure(C3P0ConnectionProvider.java:135) - HHH000046: Connection properties: {user=trz, password=****}
2016-07-19 08:03:25,507 [AWT-EventQueue-0] INFO  org.hibernate.c3p0.internal.C3P0ConnectionProvider.configure(C3P0ConnectionProvider.java:138) - HHH000006: Autocommit mode: false
2016-07-19 08:03:26,276 [AWT-EventQueue-0] INFO  org.hibernate.dialect.Dialect.<init>(Dialect.java:145) - HHH000400: Using dialect: org.hibernate.dialect.Oracle10gDialect
2016-07-19 08:03:26,285 [AWT-EventQueue-0] INFO  org.hibernate.engine.jdbc.internal.LobCreatorBuilder.useContextualLobCreation(LobCreatorBuilder.java:123) - HHH000424: Disabling contextual LOB creation as createClob() method threw error : java.lang.reflect.InvocationTargetException
2016-07-19 08:03:26,657 [AWT-EventQueue-0] INFO  org.hibernate.hql.internal.ast.ASTQueryTranslatorFactory.<init>(ASTQueryTranslatorFactory.java:47) - HHH000397: Using ASTQueryTranslatorFactory
2016-07-19 08:04:10,162 [AWT-EventQueue-0] INFO  org.hibernate.jpa.internal.util.LogHelper.logPersistenceUnitInformation(LogHelper.java:46) - HHH000204: Processing PersistenceUnitInfo [
	name: trzUnit
	...]
2016-07-19 08:04:10,256 [AWT-EventQueue-0] INFO  org.hibernate.c3p0.internal.C3P0ConnectionProvider.configure(C3P0ConnectionProvider.java:134) - HHH010002: C3P0 using driver: oracle.jdbc.OracleDriver at URL: jdbc:oracle:thin:@localhost:1521/xe
2016-07-19 08:04:10,256 [AWT-EventQueue-0] INFO  org.hibernate.c3p0.internal.C3P0ConnectionProvider.configure(C3P0ConnectionProvider.java:135) - HHH000046: Connection properties: {user=trz, password=****}
2016-07-19 08:04:10,257 [AWT-EventQueue-0] INFO  org.hibernate.c3p0.internal.C3P0ConnectionProvider.configure(C3P0ConnectionProvider.java:138) - HHH000006: Autocommit mode: false
2016-07-19 08:04:10,356 [AWT-EventQueue-0] INFO  org.hibernate.dialect.Dialect.<init>(Dialect.java:145) - HHH000400: Using dialect: org.hibernate.dialect.Oracle10gDialect
2016-07-19 08:04:10,358 [AWT-EventQueue-0] INFO  org.hibernate.engine.jdbc.internal.LobCreatorBuilder.useContextualLobCreation(LobCreatorBuilder.java:123) - HHH000424: Disabling contextual LOB creation as createClob() method threw error : java.lang.reflect.InvocationTargetException
2016-07-19 08:04:10,414 [AWT-EventQueue-0] INFO  org.hibernate.hql.internal.ast.ASTQueryTranslatorFactory.<init>(ASTQueryTranslatorFactory.java:47) - HHH000397: Using ASTQueryTranslatorFactory
2016-07-19 08:04:10,542 [AWT-EventQueue-0] WARN  org.hibernate.jpa.internal.EntityManagerFactoryRegistry.addEntityManagerFactory(EntityManagerFactoryRegistry.java:80) - HHH000436: Entity manager factory name (trzUnit) is already registered.  If entity manager will be clustered or passivated, specify a unique value for property 'hibernate.ejb.entitymanager_factory_name'
2016-07-19 08:04:19,248 [AWT-EventQueue-0] INFO  org.hibernate.jpa.internal.util.LogHelper.logPersistenceUnitInformation(LogHelper.java:46) - HHH000204: Processing PersistenceUnitInfo [
	name: trzUnit
	...]
2016-07-19 08:04:19,307 [AWT-EventQueue-0] INFO  org.hibernate.c3p0.internal.C3P0ConnectionProvider.configure(C3P0ConnectionProvider.java:134) - HHH010002: C3P0 using driver: oracle.jdbc.OracleDriver at URL: jdbc:oracle:thin:@localhost:1521/xe
2016-07-19 08:04:19,307 [AWT-EventQueue-0] INFO  org.hibernate.c3p0.internal.C3P0ConnectionProvider.configure(C3P0ConnectionProvider.java:135) - HHH000046: Connection properties: {user=trz, password=****}
2016-07-19 08:04:19,308 [AWT-EventQueue-0] INFO  org.hibernate.c3p0.internal.C3P0ConnectionProvider.configure(C3P0ConnectionProvider.java:138) - HHH000006: Autocommit mode: false
2016-07-19 08:04:19,394 [AWT-EventQueue-0] INFO  org.hibernate.dialect.Dialect.<init>(Dialect.java:145) - HHH000400: Using dialect: org.hibernate.dialect.Oracle10gDialect
2016-07-19 08:04:19,394 [AWT-EventQueue-0] INFO  org.hibernate.engine.jdbc.internal.LobCreatorBuilder.useContextualLobCreation(LobCreatorBuilder.java:123) - HHH000424: Disabling contextual LOB creation as createClob() method threw error : java.lang.reflect.InvocationTargetException
2016-07-19 08:04:19,446 [AWT-EventQueue-0] INFO  org.hibernate.hql.internal.ast.ASTQueryTranslatorFactory.<init>(ASTQueryTranslatorFactory.java:47) - HHH000397: Using ASTQueryTranslatorFactory
2016-07-19 08:04:19,545 [AWT-EventQueue-0] WARN  org.hibernate.jpa.internal.EntityManagerFactoryRegistry.addEntityManagerFactory(EntityManagerFactoryRegistry.java:80) - HHH000436: Entity manager factory name (trzUnit) is already registered.  If entity manager will be clustered or passivated, specify a unique value for property 'hibernate.ejb.entitymanager_factory_name'
2016-07-19 08:04:19,569 [AWT-EventQueue-0] INFO  org.hibernate.jpa.internal.util.LogHelper.logPersistenceUnitInformation(LogHelper.java:46) - HHH000204: Processing PersistenceUnitInfo [
	name: trzUnit
	...]
2016-07-19 08:04:19,645 [AWT-EventQueue-0] INFO  org.hibernate.c3p0.internal.C3P0ConnectionProvider.configure(C3P0ConnectionProvider.java:134) - HHH010002: C3P0 using driver: oracle.jdbc.OracleDriver at URL: jdbc:oracle:thin:@localhost:1521/xe
2016-07-19 08:04:19,645 [AWT-EventQueue-0] INFO  org.hibernate.c3p0.internal.C3P0ConnectionProvider.configure(C3P0ConnectionProvider.java:135) - HHH000046: Connection properties: {user=trz, password=****}
2016-07-19 08:04:19,645 [AWT-EventQueue-0] INFO  org.hibernate.c3p0.internal.C3P0ConnectionProvider.configure(C3P0ConnectionProvider.java:138) - HHH000006: Autocommit mode: false
2016-07-19 08:04:19,775 [AWT-EventQueue-0] INFO  org.hibernate.dialect.Dialect.<init>(Dialect.java:145) - HHH000400: Using dialect: org.hibernate.dialect.Oracle10gDialect
2016-07-19 08:04:19,776 [AWT-EventQueue-0] INFO  org.hibernate.engine.jdbc.internal.LobCreatorBuilder.useContextualLobCreation(LobCreatorBuilder.java:123) - HHH000424: Disabling contextual LOB creation as createClob() method threw error : java.lang.reflect.InvocationTargetException
2016-07-19 08:04:19,825 [AWT-EventQueue-0] INFO  org.hibernate.hql.internal.ast.ASTQueryTranslatorFactory.<init>(ASTQueryTranslatorFactory.java:47) - HHH000397: Using ASTQueryTranslatorFactory
2016-07-19 08:04:19,940 [AWT-EventQueue-0] WARN  org.hibernate.jpa.internal.EntityManagerFactoryRegistry.addEntityManagerFactory(EntityManagerFactoryRegistry.java:80) - HHH000436: Entity manager factory name (trzUnit) is already registered.  If entity manager will be clustered or passivated, specify a unique value for property 'hibernate.ejb.entitymanager_factory_name'
2016-07-19 08:04:20,016 [AWT-EventQueue-0] INFO  org.hibernate.jpa.internal.util.LogHelper.logPersistenceUnitInformation(LogHelper.java:46) - HHH000204: Processing PersistenceUnitInfo [
	name: trzUnit
	...]
2016-07-19 08:04:20,078 [AWT-EventQueue-0] INFO  org.hibernate.c3p0.internal.C3P0ConnectionProvider.configure(C3P0ConnectionProvider.java:134) - HHH010002: C3P0 using driver: oracle.jdbc.OracleDriver at URL: jdbc:oracle:thin:@localhost:1521/xe
2016-07-19 08:04:20,079 [AWT-EventQueue-0] INFO  org.hibernate.c3p0.internal.C3P0ConnectionProvider.configure(C3P0ConnectionProvider.java:135) - HHH000046: Connection properties: {user=trz, password=****}
2016-07-19 08:04:20,079 [AWT-EventQueue-0] INFO  org.hibernate.c3p0.internal.C3P0ConnectionProvider.configure(C3P0ConnectionProvider.java:138) - HHH000006: Autocommit mode: false
2016-07-19 08:04:20,219 [AWT-EventQueue-0] INFO  org.hibernate.dialect.Dialect.<init>(Dialect.java:145) - HHH000400: Using dialect: org.hibernate.dialect.Oracle10gDialect
2016-07-19 08:04:20,220 [AWT-EventQueue-0] INFO  org.hibernate.engine.jdbc.internal.LobCreatorBuilder.useContextualLobCreation(LobCreatorBuilder.java:123) - HHH000424: Disabling contextual LOB creation as createClob() method threw error : java.lang.reflect.InvocationTargetException
2016-07-19 08:04:20,261 [AWT-EventQueue-0] INFO  org.hibernate.hql.internal.ast.ASTQueryTranslatorFactory.<init>(ASTQueryTranslatorFactory.java:47) - HHH000397: Using ASTQueryTranslatorFactory
2016-07-19 08:04:20,331 [AWT-EventQueue-0] WARN  org.hibernate.jpa.internal.EntityManagerFactoryRegistry.addEntityManagerFactory(EntityManagerFactoryRegistry.java:80) - HHH000436: Entity manager factory name (trzUnit) is already registered.  If entity manager will be clustered or passivated, specify a unique value for property 'hibernate.ejb.entitymanager_factory_name'
2016-07-19 08:20:36,623 [AWT-EventQueue-0] INFO  org.hibernate.jpa.internal.util.LogHelper.logPersistenceUnitInformation(LogHelper.java:46) - HHH000204: Processing PersistenceUnitInfo [
	name: trzUnit
	...]
2016-07-19 08:20:36,679 [AWT-EventQueue-0] INFO  org.hibernate.c3p0.internal.C3P0ConnectionProvider.configure(C3P0ConnectionProvider.java:134) - HHH010002: C3P0 using driver: oracle.jdbc.OracleDriver at URL: jdbc:oracle:thin:@localhost:1521/xe
2016-07-19 08:20:36,679 [AWT-EventQueue-0] INFO  org.hibernate.c3p0.internal.C3P0ConnectionProvider.configure(C3P0ConnectionProvider.java:135) - HHH000046: Connection properties: {user=trz, password=****}
2016-07-19 08:20:36,680 [AWT-EventQueue-0] INFO  org.hibernate.c3p0.internal.C3P0ConnectionProvider.configure(C3P0ConnectionProvider.java:138) - HHH000006: Autocommit mode: false
2016-07-19 08:20:36,736 [AWT-EventQueue-0] INFO  org.hibernate.dialect.Dialect.<init>(Dialect.java:145) - HHH000400: Using dialect: org.hibernate.dialect.Oracle10gDialect
2016-07-19 08:20:36,737 [AWT-EventQueue-0] INFO  org.hibernate.engine.jdbc.internal.LobCreatorBuilder.useContextualLobCreation(LobCreatorBuilder.java:123) - HHH000424: Disabling contextual LOB creation as createClob() method threw error : java.lang.reflect.InvocationTargetException
2016-07-19 08:20:36,774 [AWT-EventQueue-0] INFO  org.hibernate.hql.internal.ast.ASTQueryTranslatorFactory.<init>(ASTQueryTranslatorFactory.java:47) - HHH000397: Using ASTQueryTranslatorFactory
2016-07-19 08:20:36,862 [AWT-EventQueue-0] WARN  org.hibernate.jpa.internal.EntityManagerFactoryRegistry.addEntityManagerFactory(EntityManagerFactoryRegistry.java:80) - HHH000436: Entity manager factory name (trzUnit) is already registered.  If entity manager will be clustered or passivated, specify a unique value for property 'hibernate.ejb.entitymanager_factory_name'
2016-07-19 08:20:50,033 [AWT-EventQueue-0] INFO  org.hibernate.jpa.internal.util.LogHelper.logPersistenceUnitInformation(LogHelper.java:46) - HHH000204: Processing PersistenceUnitInfo [
	name: trzUnit
	...]
2016-07-19 08:20:50,102 [AWT-EventQueue-0] INFO  org.hibernate.c3p0.internal.C3P0ConnectionProvider.configure(C3P0ConnectionProvider.java:134) - HHH010002: C3P0 using driver: oracle.jdbc.OracleDriver at URL: jdbc:oracle:thin:@localhost:1521/xe
2016-07-19 08:20:50,102 [AWT-EventQueue-0] INFO  org.hibernate.c3p0.internal.C3P0ConnectionProvider.configure(C3P0ConnectionProvider.java:135) - HHH000046: Connection properties: {user=trz, password=****}
2016-07-19 08:20:50,103 [AWT-EventQueue-0] INFO  org.hibernate.c3p0.internal.C3P0ConnectionProvider.configure(C3P0ConnectionProvider.java:138) - HHH000006: Autocommit mode: false
2016-07-19 08:20:50,197 [AWT-EventQueue-0] INFO  org.hibernate.dialect.Dialect.<init>(Dialect.java:145) - HHH000400: Using dialect: org.hibernate.dialect.Oracle10gDialect
2016-07-19 08:20:50,198 [AWT-EventQueue-0] INFO  org.hibernate.engine.jdbc.internal.LobCreatorBuilder.useContextualLobCreation(LobCreatorBuilder.java:123) - HHH000424: Disabling contextual LOB creation as createClob() method threw error : java.lang.reflect.InvocationTargetException
2016-07-19 08:20:50,234 [AWT-EventQueue-0] INFO  org.hibernate.hql.internal.ast.ASTQueryTranslatorFactory.<init>(ASTQueryTranslatorFactory.java:47) - HHH000397: Using ASTQueryTranslatorFactory
2016-07-19 08:20:50,302 [AWT-EventQueue-0] WARN  org.hibernate.jpa.internal.EntityManagerFactoryRegistry.addEntityManagerFactory(EntityManagerFactoryRegistry.java:80) - HHH000436: Entity manager factory name (trzUnit) is already registered.  If entity manager will be clustered or passivated, specify a unique value for property 'hibernate.ejb.entitymanager_factory_name'
2016-07-19 08:20:50,343 [AWT-EventQueue-0] INFO  org.hibernate.jpa.internal.util.LogHelper.logPersistenceUnitInformation(LogHelper.java:46) - HHH000204: Processing PersistenceUnitInfo [
	name: trzUnit
	...]
2016-07-19 08:20:50,405 [AWT-EventQueue-0] INFO  org.hibernate.c3p0.internal.C3P0ConnectionProvider.configure(C3P0ConnectionProvider.java:134) - HHH010002: C3P0 using driver: oracle.jdbc.OracleDriver at URL: jdbc:oracle:thin:@localhost:1521/xe
2016-07-19 08:20:50,405 [AWT-EventQueue-0] INFO  org.hibernate.c3p0.internal.C3P0ConnectionProvider.configure(C3P0ConnectionProvider.java:135) - HHH000046: Connection properties: {user=trz, password=****}
2016-07-19 08:20:50,406 [AWT-EventQueue-0] INFO  org.hibernate.c3p0.internal.C3P0ConnectionProvider.configure(C3P0ConnectionProvider.java:138) - HHH000006: Autocommit mode: false
2016-07-19 08:20:50,494 [AWT-EventQueue-0] INFO  org.hibernate.dialect.Dialect.<init>(Dialect.java:145) - HHH000400: Using dialect: org.hibernate.dialect.Oracle10gDialect
2016-07-19 08:20:50,495 [AWT-EventQueue-0] INFO  org.hibernate.engine.jdbc.internal.LobCreatorBuilder.useContextualLobCreation(LobCreatorBuilder.java:123) - HHH000424: Disabling contextual LOB creation as createClob() method threw error : java.lang.reflect.InvocationTargetException
2016-07-19 08:20:50,526 [AWT-EventQueue-0] INFO  org.hibernate.hql.internal.ast.ASTQueryTranslatorFactory.<init>(ASTQueryTranslatorFactory.java:47) - HHH000397: Using ASTQueryTranslatorFactory
2016-07-19 08:20:50,597 [AWT-EventQueue-0] WARN  org.hibernate.jpa.internal.EntityManagerFactoryRegistry.addEntityManagerFactory(EntityManagerFactoryRegistry.java:80) - HHH000436: Entity manager factory name (trzUnit) is already registered.  If entity manager will be clustered or passivated, specify a unique value for property 'hibernate.ejb.entitymanager_factory_name'
2016-07-19 08:20:50,660 [AWT-EventQueue-0] INFO  org.hibernate.jpa.internal.util.LogHelper.logPersistenceUnitInformation(LogHelper.java:46) - HHH000204: Processing PersistenceUnitInfo [
	name: trzUnit
	...]
2016-07-19 08:20:50,725 [AWT-EventQueue-0] INFO  org.hibernate.c3p0.internal.C3P0ConnectionProvider.configure(C3P0ConnectionProvider.java:134) - HHH010002: C3P0 using driver: oracle.jdbc.OracleDriver at URL: jdbc:oracle:thin:@localhost:1521/xe
2016-07-19 08:20:50,726 [AWT-EventQueue-0] INFO  org.hibernate.c3p0.internal.C3P0ConnectionProvider.configure(C3P0ConnectionProvider.java:135) - HHH000046: Connection properties: {user=trz, password=****}
2016-07-19 08:20:50,726 [AWT-EventQueue-0] INFO  org.hibernate.c3p0.internal.C3P0ConnectionProvider.configure(C3P0ConnectionProvider.java:138) - HHH000006: Autocommit mode: false
2016-07-19 08:20:50,821 [AWT-EventQueue-0] INFO  org.hibernate.dialect.Dialect.<init>(Dialect.java:145) - HHH000400: Using dialect: org.hibernate.dialect.Oracle10gDialect
2016-07-19 08:20:50,822 [AWT-EventQueue-0] INFO  org.hibernate.engine.jdbc.internal.LobCreatorBuilder.useContextualLobCreation(LobCreatorBuilder.java:123) - HHH000424: Disabling contextual LOB creation as createClob() method threw error : java.lang.reflect.InvocationTargetException
2016-07-19 08:20:50,859 [AWT-EventQueue-0] INFO  org.hibernate.hql.internal.ast.ASTQueryTranslatorFactory.<init>(ASTQueryTranslatorFactory.java:47) - HHH000397: Using ASTQueryTranslatorFactory
2016-07-19 08:20:50,914 [AWT-EventQueue-0] WARN  org.hibernate.jpa.internal.EntityManagerFactoryRegistry.addEntityManagerFactory(EntityManagerFactoryRegistry.java:80) - HHH000436: Entity manager factory name (trzUnit) is already registered.  If entity manager will be clustered or passivated, specify a unique value for property 'hibernate.ejb.entitymanager_factory_name'
2016-07-19 08:21:44,908 [AWT-EventQueue-0] INFO  org.hibernate.jpa.internal.util.LogHelper.logPersistenceUnitInformation(LogHelper.java:46) - HHH000204: Processing PersistenceUnitInfo [
	name: trzUnit
	...]
2016-07-19 08:21:45,068 [AWT-EventQueue-0] INFO  org.hibernate.Version.logVersion(Version.java:54) - HHH000412: Hibernate Core {4.3.8.Final}
2016-07-19 08:21:45,070 [AWT-EventQueue-0] INFO  org.hibernate.cfg.Environment.<clinit>(Environment.java:239) - HHH000206: hibernate.properties not found
2016-07-19 08:21:45,073 [AWT-EventQueue-0] INFO  org.hibernate.cfg.Environment.buildBytecodeProvider(Environment.java:346) - HHH000021: Bytecode provider name : javassist
2016-07-19 08:21:45,473 [AWT-EventQueue-0] INFO  org.hibernate.annotations.common.reflection.java.JavaReflectionManager.<clinit>(JavaReflectionManager.java:66) - HCANN000001: Hibernate Commons Annotations {4.0.5.Final}
2016-07-19 08:21:45,541 [AWT-EventQueue-0] INFO  org.hibernate.c3p0.internal.C3P0ConnectionProvider.configure(C3P0ConnectionProvider.java:134) - HHH010002: C3P0 using driver: oracle.jdbc.OracleDriver at URL: jdbc:oracle:thin:@localhost:1521/xe
2016-07-19 08:21:45,542 [AWT-EventQueue-0] INFO  org.hibernate.c3p0.internal.C3P0ConnectionProvider.configure(C3P0ConnectionProvider.java:135) - HHH000046: Connection properties: {user=trz, password=****}
2016-07-19 08:21:45,542 [AWT-EventQueue-0] INFO  org.hibernate.c3p0.internal.C3P0ConnectionProvider.configure(C3P0ConnectionProvider.java:138) - HHH000006: Autocommit mode: false
2016-07-19 08:21:46,462 [AWT-EventQueue-0] INFO  org.hibernate.dialect.Dialect.<init>(Dialect.java:145) - HHH000400: Using dialect: org.hibernate.dialect.Oracle10gDialect
2016-07-19 08:21:46,474 [AWT-EventQueue-0] INFO  org.hibernate.engine.jdbc.internal.LobCreatorBuilder.useContextualLobCreation(LobCreatorBuilder.java:123) - HHH000424: Disabling contextual LOB creation as createClob() method threw error : java.lang.reflect.InvocationTargetException
2016-07-19 08:21:46,937 [AWT-EventQueue-0] INFO  org.hibernate.hql.internal.ast.ASTQueryTranslatorFactory.<init>(ASTQueryTranslatorFactory.java:47) - HHH000397: Using ASTQueryTranslatorFactory
2016-07-19 08:24:01,363 [AWT-EventQueue-0] INFO  org.hibernate.jpa.internal.util.LogHelper.logPersistenceUnitInformation(LogHelper.java:46) - HHH000204: Processing PersistenceUnitInfo [
	name: trzUnit
	...]
2016-07-19 08:24:01,870 [AWT-EventQueue-0] INFO  org.hibernate.c3p0.internal.C3P0ConnectionProvider.configure(C3P0ConnectionProvider.java:134) - HHH010002: C3P0 using driver: oracle.jdbc.OracleDriver at URL: jdbc:oracle:thin:@localhost:1521/xe
2016-07-19 08:24:01,871 [AWT-EventQueue-0] INFO  org.hibernate.c3p0.internal.C3P0ConnectionProvider.configure(C3P0ConnectionProvider.java:135) - HHH000046: Connection properties: {user=trz, password=****}
2016-07-19 08:24:01,871 [AWT-EventQueue-0] INFO  org.hibernate.c3p0.internal.C3P0ConnectionProvider.configure(C3P0ConnectionProvider.java:138) - HHH000006: Autocommit mode: false
2016-07-19 08:24:02,009 [AWT-EventQueue-0] INFO  org.hibernate.dialect.Dialect.<init>(Dialect.java:145) - HHH000400: Using dialect: org.hibernate.dialect.Oracle10gDialect
2016-07-19 08:24:02,012 [AWT-EventQueue-0] INFO  org.hibernate.engine.jdbc.internal.LobCreatorBuilder.useContextualLobCreation(LobCreatorBuilder.java:123) - HHH000424: Disabling contextual LOB creation as createClob() method threw error : java.lang.reflect.InvocationTargetException
2016-07-19 08:24:02,080 [AWT-EventQueue-0] INFO  org.hibernate.hql.internal.ast.ASTQueryTranslatorFactory.<init>(ASTQueryTranslatorFactory.java:47) - HHH000397: Using ASTQueryTranslatorFactory
2016-07-19 08:24:02,254 [AWT-EventQueue-0] WARN  org.hibernate.jpa.internal.EntityManagerFactoryRegistry.addEntityManagerFactory(EntityManagerFactoryRegistry.java:80) - HHH000436: Entity manager factory name (trzUnit) is already registered.  If entity manager will be clustered or passivated, specify a unique value for property 'hibernate.ejb.entitymanager_factory_name'
2016-07-19 08:24:02,285 [AWT-EventQueue-0] INFO  org.hibernate.jpa.internal.util.LogHelper.logPersistenceUnitInformation(LogHelper.java:46) - HHH000204: Processing PersistenceUnitInfo [
	name: trzUnit
	...]
2016-07-19 08:24:02,347 [AWT-EventQueue-0] INFO  org.hibernate.c3p0.internal.C3P0ConnectionProvider.configure(C3P0ConnectionProvider.java:134) - HHH010002: C3P0 using driver: oracle.jdbc.OracleDriver at URL: jdbc:oracle:thin:@localhost:1521/xe
2016-07-19 08:24:02,347 [AWT-EventQueue-0] INFO  org.hibernate.c3p0.internal.C3P0ConnectionProvider.configure(C3P0ConnectionProvider.java:135) - HHH000046: Connection properties: {user=trz, password=****}
2016-07-19 08:24:02,348 [AWT-EventQueue-0] INFO  org.hibernate.c3p0.internal.C3P0ConnectionProvider.configure(C3P0ConnectionProvider.java:138) - HHH000006: Autocommit mode: false
2016-07-19 08:24:02,465 [AWT-EventQueue-0] INFO  org.hibernate.dialect.Dialect.<init>(Dialect.java:145) - HHH000400: Using dialect: org.hibernate.dialect.Oracle10gDialect
2016-07-19 08:24:02,466 [AWT-EventQueue-0] INFO  org.hibernate.engine.jdbc.internal.LobCreatorBuilder.useContextualLobCreation(LobCreatorBuilder.java:123) - HHH000424: Disabling contextual LOB creation as createClob() method threw error : java.lang.reflect.InvocationTargetException
2016-07-19 08:24:02,526 [AWT-EventQueue-0] INFO  org.hibernate.hql.internal.ast.ASTQueryTranslatorFactory.<init>(ASTQueryTranslatorFactory.java:47) - HHH000397: Using ASTQueryTranslatorFactory
2016-07-19 08:24:02,666 [AWT-EventQueue-0] WARN  org.hibernate.jpa.internal.EntityManagerFactoryRegistry.addEntityManagerFactory(EntityManagerFactoryRegistry.java:80) - HHH000436: Entity manager factory name (trzUnit) is already registered.  If entity manager will be clustered or passivated, specify a unique value for property 'hibernate.ejb.entitymanager_factory_name'
2016-07-19 08:24:02,774 [AWT-EventQueue-0] INFO  org.hibernate.jpa.internal.util.LogHelper.logPersistenceUnitInformation(LogHelper.java:46) - HHH000204: Processing PersistenceUnitInfo [
	name: trzUnit
	...]
2016-07-19 08:24:02,870 [AWT-EventQueue-0] INFO  org.hibernate.c3p0.internal.C3P0ConnectionProvider.configure(C3P0ConnectionProvider.java:134) - HHH010002: C3P0 using driver: oracle.jdbc.OracleDriver at URL: jdbc:oracle:thin:@localhost:1521/xe
2016-07-19 08:24:02,871 [AWT-EventQueue-0] INFO  org.hibernate.c3p0.internal.C3P0ConnectionProvider.configure(C3P0ConnectionProvider.java:135) - HHH000046: Connection properties: {user=trz, password=****}
2016-07-19 08:24:02,871 [AWT-EventQueue-0] INFO  org.hibernate.c3p0.internal.C3P0ConnectionProvider.configure(C3P0ConnectionProvider.java:138) - HHH000006: Autocommit mode: false
2016-07-19 08:24:03,076 [AWT-EventQueue-0] INFO  org.hibernate.dialect.Dialect.<init>(Dialect.java:145) - HHH000400: Using dialect: org.hibernate.dialect.Oracle10gDialect
2016-07-19 08:24:03,077 [AWT-EventQueue-0] INFO  org.hibernate.engine.jdbc.internal.LobCreatorBuilder.useContextualLobCreation(LobCreatorBuilder.java:123) - HHH000424: Disabling contextual LOB creation as createClob() method threw error : java.lang.reflect.InvocationTargetException
2016-07-19 08:24:03,133 [AWT-EventQueue-0] INFO  org.hibernate.hql.internal.ast.ASTQueryTranslatorFactory.<init>(ASTQueryTranslatorFactory.java:47) - HHH000397: Using ASTQueryTranslatorFactory
2016-07-19 08:24:03,288 [AWT-EventQueue-0] WARN  org.hibernate.jpa.internal.EntityManagerFactoryRegistry.addEntityManagerFactory(EntityManagerFactoryRegistry.java:80) - HHH000436: Entity manager factory name (trzUnit) is already registered.  If entity manager will be clustered or passivated, specify a unique value for property 'hibernate.ejb.entitymanager_factory_name'
2016-07-19 08:35:12,689 [AWT-EventQueue-0] INFO  org.hibernate.jpa.internal.util.LogHelper.logPersistenceUnitInformation(LogHelper.java:46) - HHH000204: Processing PersistenceUnitInfo [
	name: trzUnit
	...]
2016-07-19 08:35:13,252 [AWT-EventQueue-0] INFO  org.hibernate.c3p0.internal.C3P0ConnectionProvider.configure(C3P0ConnectionProvider.java:134) - HHH010002: C3P0 using driver: oracle.jdbc.OracleDriver at URL: jdbc:oracle:thin:@localhost:1521/xe
2016-07-19 08:35:13,253 [AWT-EventQueue-0] INFO  org.hibernate.c3p0.internal.C3P0ConnectionProvider.configure(C3P0ConnectionProvider.java:135) - HHH000046: Connection properties: {user=trz, password=****}
2016-07-19 08:35:13,254 [AWT-EventQueue-0] INFO  org.hibernate.c3p0.internal.C3P0ConnectionProvider.configure(C3P0ConnectionProvider.java:138) - HHH000006: Autocommit mode: false
2016-07-19 08:35:13,795 [AWT-EventQueue-0] INFO  org.hibernate.dialect.Dialect.<init>(Dialect.java:145) - HHH000400: Using dialect: org.hibernate.dialect.Oracle10gDialect
2016-07-19 08:35:13,799 [AWT-EventQueue-0] INFO  org.hibernate.engine.jdbc.internal.LobCreatorBuilder.useContextualLobCreation(LobCreatorBuilder.java:123) - HHH000424: Disabling contextual LOB creation as createClob() method threw error : java.lang.reflect.InvocationTargetException
2016-07-19 08:35:14,224 [AWT-EventQueue-0] INFO  org.hibernate.hql.internal.ast.ASTQueryTranslatorFactory.<init>(ASTQueryTranslatorFactory.java:47) - HHH000397: Using ASTQueryTranslatorFactory
2016-07-19 08:35:15,297 [AWT-EventQueue-0] WARN  org.hibernate.jpa.internal.EntityManagerFactoryRegistry.addEntityManagerFactory(EntityManagerFactoryRegistry.java:80) - HHH000436: Entity manager factory name (trzUnit) is already registered.  If entity manager will be clustered or passivated, specify a unique value for property 'hibernate.ejb.entitymanager_factory_name'
2016-07-19 08:35:23,164 [AWT-EventQueue-0] INFO  org.hibernate.jpa.internal.util.LogHelper.logPersistenceUnitInformation(LogHelper.java:46) - HHH000204: Processing PersistenceUnitInfo [
	name: trzUnit
	...]
2016-07-19 08:35:23,242 [AWT-EventQueue-0] INFO  org.hibernate.c3p0.internal.C3P0ConnectionProvider.configure(C3P0ConnectionProvider.java:134) - HHH010002: C3P0 using driver: oracle.jdbc.OracleDriver at URL: jdbc:oracle:thin:@localhost:1521/xe
2016-07-19 08:35:23,243 [AWT-EventQueue-0] INFO  org.hibernate.c3p0.internal.C3P0ConnectionProvider.configure(C3P0ConnectionProvider.java:135) - HHH000046: Connection properties: {user=trz, password=****}
2016-07-19 08:35:23,244 [AWT-EventQueue-0] INFO  org.hibernate.c3p0.internal.C3P0ConnectionProvider.configure(C3P0ConnectionProvider.java:138) - HHH000006: Autocommit mode: false
2016-07-19 08:35:23,364 [AWT-EventQueue-0] INFO  org.hibernate.dialect.Dialect.<init>(Dialect.java:145) - HHH000400: Using dialect: org.hibernate.dialect.Oracle10gDialect
2016-07-19 08:35:23,369 [AWT-EventQueue-0] INFO  org.hibernate.engine.jdbc.internal.LobCreatorBuilder.useContextualLobCreation(LobCreatorBuilder.java:123) - HHH000424: Disabling contextual LOB creation as createClob() method threw error : java.lang.reflect.InvocationTargetException
2016-07-19 08:35:23,492 [AWT-EventQueue-0] INFO  org.hibernate.hql.internal.ast.ASTQueryTranslatorFactory.<init>(ASTQueryTranslatorFactory.java:47) - HHH000397: Using ASTQueryTranslatorFactory
2016-07-19 08:35:23,669 [AWT-EventQueue-0] WARN  org.hibernate.jpa.internal.EntityManagerFactoryRegistry.addEntityManagerFactory(EntityManagerFactoryRegistry.java:80) - HHH000436: Entity manager factory name (trzUnit) is already registered.  If entity manager will be clustered or passivated, specify a unique value for property 'hibernate.ejb.entitymanager_factory_name'
2016-07-19 08:35:23,736 [AWT-EventQueue-0] INFO  org.hibernate.jpa.internal.util.LogHelper.logPersistenceUnitInformation(LogHelper.java:46) - HHH000204: Processing PersistenceUnitInfo [
	name: trzUnit
	...]
2016-07-19 08:35:23,858 [AWT-EventQueue-0] INFO  org.hibernate.c3p0.internal.C3P0ConnectionProvider.configure(C3P0ConnectionProvider.java:134) - HHH010002: C3P0 using driver: oracle.jdbc.OracleDriver at URL: jdbc:oracle:thin:@localhost:1521/xe
2016-07-19 08:35:23,859 [AWT-EventQueue-0] INFO  org.hibernate.c3p0.internal.C3P0ConnectionProvider.configure(C3P0ConnectionProvider.java:135) - HHH000046: Connection properties: {user=trz, password=****}
2016-07-19 08:35:23,860 [AWT-EventQueue-0] INFO  org.hibernate.c3p0.internal.C3P0ConnectionProvider.configure(C3P0ConnectionProvider.java:138) - HHH000006: Autocommit mode: false
2016-07-19 08:35:24,067 [AWT-EventQueue-0] INFO  org.hibernate.dialect.Dialect.<init>(Dialect.java:145) - HHH000400: Using dialect: org.hibernate.dialect.Oracle10gDialect
2016-07-19 08:35:24,068 [AWT-EventQueue-0] INFO  org.hibernate.engine.jdbc.internal.LobCreatorBuilder.useContextualLobCreation(LobCreatorBuilder.java:123) - HHH000424: Disabling contextual LOB creation as createClob() method threw error : java.lang.reflect.InvocationTargetException
2016-07-19 08:35:24,111 [AWT-EventQueue-0] INFO  org.hibernate.hql.internal.ast.ASTQueryTranslatorFactory.<init>(ASTQueryTranslatorFactory.java:47) - HHH000397: Using ASTQueryTranslatorFactory
2016-07-19 08:35:24,278 [AWT-EventQueue-0] WARN  org.hibernate.jpa.internal.EntityManagerFactoryRegistry.addEntityManagerFactory(EntityManagerFactoryRegistry.java:80) - HHH000436: Entity manager factory name (trzUnit) is already registered.  If entity manager will be clustered or passivated, specify a unique value for property 'hibernate.ejb.entitymanager_factory_name'
2016-07-19 08:43:04,718 [AWT-EventQueue-0] INFO  org.hibernate.jpa.internal.util.LogHelper.logPersistenceUnitInformation(LogHelper.java:46) - HHH000204: Processing PersistenceUnitInfo [
	name: trzUnit
	...]
2016-07-19 08:43:04,871 [AWT-EventQueue-0] INFO  org.hibernate.Version.logVersion(Version.java:54) - HHH000412: Hibernate Core {4.3.8.Final}
2016-07-19 08:43:04,874 [AWT-EventQueue-0] INFO  org.hibernate.cfg.Environment.<clinit>(Environment.java:239) - HHH000206: hibernate.properties not found
2016-07-19 08:43:04,878 [AWT-EventQueue-0] INFO  org.hibernate.cfg.Environment.buildBytecodeProvider(Environment.java:346) - HHH000021: Bytecode provider name : javassist
2016-07-19 08:43:05,258 [AWT-EventQueue-0] INFO  org.hibernate.annotations.common.reflection.java.JavaReflectionManager.<clinit>(JavaReflectionManager.java:66) - HCANN000001: Hibernate Commons Annotations {4.0.5.Final}
2016-07-19 08:43:05,334 [AWT-EventQueue-0] INFO  org.hibernate.c3p0.internal.C3P0ConnectionProvider.configure(C3P0ConnectionProvider.java:134) - HHH010002: C3P0 using driver: oracle.jdbc.OracleDriver at URL: jdbc:oracle:thin:@localhost:1521/xe
2016-07-19 08:43:05,334 [AWT-EventQueue-0] INFO  org.hibernate.c3p0.internal.C3P0ConnectionProvider.configure(C3P0ConnectionProvider.java:135) - HHH000046: Connection properties: {user=trz, password=****}
2016-07-19 08:43:05,335 [AWT-EventQueue-0] INFO  org.hibernate.c3p0.internal.C3P0ConnectionProvider.configure(C3P0ConnectionProvider.java:138) - HHH000006: Autocommit mode: false
2016-07-19 08:43:06,173 [AWT-EventQueue-0] INFO  org.hibernate.dialect.Dialect.<init>(Dialect.java:145) - HHH000400: Using dialect: org.hibernate.dialect.Oracle10gDialect
2016-07-19 08:43:06,183 [AWT-EventQueue-0] INFO  org.hibernate.engine.jdbc.internal.LobCreatorBuilder.useContextualLobCreation(LobCreatorBuilder.java:123) - HHH000424: Disabling contextual LOB creation as createClob() method threw error : java.lang.reflect.InvocationTargetException
2016-07-19 08:43:06,615 [AWT-EventQueue-0] INFO  org.hibernate.hql.internal.ast.ASTQueryTranslatorFactory.<init>(ASTQueryTranslatorFactory.java:47) - HHH000397: Using ASTQueryTranslatorFactory
2016-07-19 08:53:06,058 [AWT-EventQueue-0] INFO  org.hibernate.jpa.internal.util.LogHelper.logPersistenceUnitInformation(LogHelper.java:46) - HHH000204: Processing PersistenceUnitInfo [
	name: trzUnit
	...]
2016-07-19 08:53:06,210 [AWT-EventQueue-0] INFO  org.hibernate.Version.logVersion(Version.java:54) - HHH000412: Hibernate Core {4.3.8.Final}
2016-07-19 08:53:06,214 [AWT-EventQueue-0] INFO  org.hibernate.cfg.Environment.<clinit>(Environment.java:239) - HHH000206: hibernate.properties not found
2016-07-19 08:53:06,216 [AWT-EventQueue-0] INFO  org.hibernate.cfg.Environment.buildBytecodeProvider(Environment.java:346) - HHH000021: Bytecode provider name : javassist
2016-07-19 08:53:06,596 [AWT-EventQueue-0] INFO  org.hibernate.annotations.common.reflection.java.JavaReflectionManager.<clinit>(JavaReflectionManager.java:66) - HCANN000001: Hibernate Commons Annotations {4.0.5.Final}
2016-07-19 08:53:06,658 [AWT-EventQueue-0] INFO  org.hibernate.c3p0.internal.C3P0ConnectionProvider.configure(C3P0ConnectionProvider.java:134) - HHH010002: C3P0 using driver: oracle.jdbc.OracleDriver at URL: jdbc:oracle:thin:@localhost:1521/xe
2016-07-19 08:53:06,659 [AWT-EventQueue-0] INFO  org.hibernate.c3p0.internal.C3P0ConnectionProvider.configure(C3P0ConnectionProvider.java:135) - HHH000046: Connection properties: {user=trz, password=****}
2016-07-19 08:53:06,659 [AWT-EventQueue-0] INFO  org.hibernate.c3p0.internal.C3P0ConnectionProvider.configure(C3P0ConnectionProvider.java:138) - HHH000006: Autocommit mode: false
2016-07-19 08:53:07,502 [AWT-EventQueue-0] INFO  org.hibernate.dialect.Dialect.<init>(Dialect.java:145) - HHH000400: Using dialect: org.hibernate.dialect.Oracle10gDialect
2016-07-19 08:53:07,515 [AWT-EventQueue-0] INFO  org.hibernate.engine.jdbc.internal.LobCreatorBuilder.useContextualLobCreation(LobCreatorBuilder.java:123) - HHH000424: Disabling contextual LOB creation as createClob() method threw error : java.lang.reflect.InvocationTargetException
2016-07-19 08:53:07,957 [AWT-EventQueue-0] INFO  org.hibernate.hql.internal.ast.ASTQueryTranslatorFactory.<init>(ASTQueryTranslatorFactory.java:47) - HHH000397: Using ASTQueryTranslatorFactory
2016-07-19 08:54:43,558 [AWT-EventQueue-0] INFO  org.hibernate.jpa.internal.util.LogHelper.logPersistenceUnitInformation(LogHelper.java:46) - HHH000204: Processing PersistenceUnitInfo [
	name: trzUnit
	...]
2016-07-19 08:54:43,710 [AWT-EventQueue-0] INFO  org.hibernate.Version.logVersion(Version.java:54) - HHH000412: Hibernate Core {4.3.8.Final}
2016-07-19 08:54:43,713 [AWT-EventQueue-0] INFO  org.hibernate.cfg.Environment.<clinit>(Environment.java:239) - HHH000206: hibernate.properties not found
2016-07-19 08:54:43,716 [AWT-EventQueue-0] INFO  org.hibernate.cfg.Environment.buildBytecodeProvider(Environment.java:346) - HHH000021: Bytecode provider name : javassist
2016-07-19 08:54:44,092 [AWT-EventQueue-0] INFO  org.hibernate.annotations.common.reflection.java.JavaReflectionManager.<clinit>(JavaReflectionManager.java:66) - HCANN000001: Hibernate Commons Annotations {4.0.5.Final}
2016-07-19 08:54:44,161 [AWT-EventQueue-0] INFO  org.hibernate.c3p0.internal.C3P0ConnectionProvider.configure(C3P0ConnectionProvider.java:134) - HHH010002: C3P0 using driver: oracle.jdbc.OracleDriver at URL: jdbc:oracle:thin:@localhost:1521/xe
2016-07-19 08:54:44,162 [AWT-EventQueue-0] INFO  org.hibernate.c3p0.internal.C3P0ConnectionProvider.configure(C3P0ConnectionProvider.java:135) - HHH000046: Connection properties: {user=trz, password=****}
2016-07-19 08:54:44,162 [AWT-EventQueue-0] INFO  org.hibernate.c3p0.internal.C3P0ConnectionProvider.configure(C3P0ConnectionProvider.java:138) - HHH000006: Autocommit mode: false
2016-07-19 08:54:45,083 [AWT-EventQueue-0] INFO  org.hibernate.dialect.Dialect.<init>(Dialect.java:145) - HHH000400: Using dialect: org.hibernate.dialect.Oracle10gDialect
2016-07-19 08:54:45,094 [AWT-EventQueue-0] INFO  org.hibernate.engine.jdbc.internal.LobCreatorBuilder.useContextualLobCreation(LobCreatorBuilder.java:123) - HHH000424: Disabling contextual LOB creation as createClob() method threw error : java.lang.reflect.InvocationTargetException
2016-07-19 08:54:45,550 [AWT-EventQueue-0] INFO  org.hibernate.hql.internal.ast.ASTQueryTranslatorFactory.<init>(ASTQueryTranslatorFactory.java:47) - HHH000397: Using ASTQueryTranslatorFactory
2016-07-19 08:55:26,220 [AWT-EventQueue-0] INFO  org.hibernate.jpa.internal.util.LogHelper.logPersistenceUnitInformation(LogHelper.java:46) - HHH000204: Processing PersistenceUnitInfo [
	name: trzUnit
	...]
2016-07-19 08:55:26,400 [AWT-EventQueue-0] INFO  org.hibernate.c3p0.internal.C3P0ConnectionProvider.configure(C3P0ConnectionProvider.java:134) - HHH010002: C3P0 using driver: oracle.jdbc.OracleDriver at URL: jdbc:oracle:thin:@localhost:1521/xe
2016-07-19 08:55:26,401 [AWT-EventQueue-0] INFO  org.hibernate.c3p0.internal.C3P0ConnectionProvider.configure(C3P0ConnectionProvider.java:135) - HHH000046: Connection properties: {user=trz, password=****}
2016-07-19 08:55:26,404 [AWT-EventQueue-0] INFO  org.hibernate.c3p0.internal.C3P0ConnectionProvider.configure(C3P0ConnectionProvider.java:138) - HHH000006: Autocommit mode: false
2016-07-19 08:55:26,568 [AWT-EventQueue-0] INFO  org.hibernate.dialect.Dialect.<init>(Dialect.java:145) - HHH000400: Using dialect: org.hibernate.dialect.Oracle10gDialect
2016-07-19 08:55:26,570 [AWT-EventQueue-0] INFO  org.hibernate.engine.jdbc.internal.LobCreatorBuilder.useContextualLobCreation(LobCreatorBuilder.java:123) - HHH000424: Disabling contextual LOB creation as createClob() method threw error : java.lang.reflect.InvocationTargetException
2016-07-19 08:55:26,671 [AWT-EventQueue-0] INFO  org.hibernate.hql.internal.ast.ASTQueryTranslatorFactory.<init>(ASTQueryTranslatorFactory.java:47) - HHH000397: Using ASTQueryTranslatorFactory
2016-07-19 08:55:26,819 [AWT-EventQueue-0] WARN  org.hibernate.jpa.internal.EntityManagerFactoryRegistry.addEntityManagerFactory(EntityManagerFactoryRegistry.java:80) - HHH000436: Entity manager factory name (trzUnit) is already registered.  If entity manager will be clustered or passivated, specify a unique value for property 'hibernate.ejb.entitymanager_factory_name'
2016-07-19 08:57:19,140 [AWT-EventQueue-0] INFO  org.hibernate.jpa.internal.util.LogHelper.logPersistenceUnitInformation(LogHelper.java:46) - HHH000204: Processing PersistenceUnitInfo [
	name: trzUnit
	...]
2016-07-19 08:57:19,261 [AWT-EventQueue-0] INFO  org.hibernate.Version.logVersion(Version.java:54) - HHH000412: Hibernate Core {4.3.8.Final}
2016-07-19 08:57:19,263 [AWT-EventQueue-0] INFO  org.hibernate.cfg.Environment.<clinit>(Environment.java:239) - HHH000206: hibernate.properties not found
2016-07-19 08:57:19,266 [AWT-EventQueue-0] INFO  org.hibernate.cfg.Environment.buildBytecodeProvider(Environment.java:346) - HHH000021: Bytecode provider name : javassist
2016-07-19 08:57:19,615 [AWT-EventQueue-0] INFO  org.hibernate.annotations.common.reflection.java.JavaReflectionManager.<clinit>(JavaReflectionManager.java:66) - HCANN000001: Hibernate Commons Annotations {4.0.5.Final}
2016-07-19 08:57:19,667 [AWT-EventQueue-0] INFO  org.hibernate.c3p0.internal.C3P0ConnectionProvider.configure(C3P0ConnectionProvider.java:134) - HHH010002: C3P0 using driver: oracle.jdbc.OracleDriver at URL: jdbc:oracle:thin:@localhost:1521/xe
2016-07-19 08:57:19,668 [AWT-EventQueue-0] INFO  org.hibernate.c3p0.internal.C3P0ConnectionProvider.configure(C3P0ConnectionProvider.java:135) - HHH000046: Connection properties: {user=trz, password=****}
2016-07-19 08:57:19,668 [AWT-EventQueue-0] INFO  org.hibernate.c3p0.internal.C3P0ConnectionProvider.configure(C3P0ConnectionProvider.java:138) - HHH000006: Autocommit mode: false
2016-07-19 08:57:20,380 [AWT-EventQueue-0] INFO  org.hibernate.dialect.Dialect.<init>(Dialect.java:145) - HHH000400: Using dialect: org.hibernate.dialect.Oracle10gDialect
2016-07-19 08:57:20,389 [AWT-EventQueue-0] INFO  org.hibernate.engine.jdbc.internal.LobCreatorBuilder.useContextualLobCreation(LobCreatorBuilder.java:123) - HHH000424: Disabling contextual LOB creation as createClob() method threw error : java.lang.reflect.InvocationTargetException
2016-07-19 08:57:20,752 [AWT-EventQueue-0] INFO  org.hibernate.hql.internal.ast.ASTQueryTranslatorFactory.<init>(ASTQueryTranslatorFactory.java:47) - HHH000397: Using ASTQueryTranslatorFactory
2016-07-19 08:58:04,782 [AWT-EventQueue-0] INFO  org.hibernate.jpa.internal.util.LogHelper.logPersistenceUnitInformation(LogHelper.java:46) - HHH000204: Processing PersistenceUnitInfo [
	name: trzUnit
	...]
2016-07-19 08:58:05,311 [AWT-EventQueue-0] INFO  org.hibernate.c3p0.internal.C3P0ConnectionProvider.configure(C3P0ConnectionProvider.java:134) - HHH010002: C3P0 using driver: oracle.jdbc.OracleDriver at URL: jdbc:oracle:thin:@localhost:1521/xe
2016-07-19 08:58:05,311 [AWT-EventQueue-0] INFO  org.hibernate.c3p0.internal.C3P0ConnectionProvider.configure(C3P0ConnectionProvider.java:135) - HHH000046: Connection properties: {user=trz, password=****}
2016-07-19 08:58:05,312 [AWT-EventQueue-0] INFO  org.hibernate.c3p0.internal.C3P0ConnectionProvider.configure(C3P0ConnectionProvider.java:138) - HHH000006: Autocommit mode: false
2016-07-19 08:58:05,403 [AWT-EventQueue-0] INFO  org.hibernate.dialect.Dialect.<init>(Dialect.java:145) - HHH000400: Using dialect: org.hibernate.dialect.Oracle10gDialect
2016-07-19 08:58:05,405 [AWT-EventQueue-0] INFO  org.hibernate.engine.jdbc.internal.LobCreatorBuilder.useContextualLobCreation(LobCreatorBuilder.java:123) - HHH000424: Disabling contextual LOB creation as createClob() method threw error : java.lang.reflect.InvocationTargetException
2016-07-19 08:58:05,462 [AWT-EventQueue-0] INFO  org.hibernate.hql.internal.ast.ASTQueryTranslatorFactory.<init>(ASTQueryTranslatorFactory.java:47) - HHH000397: Using ASTQueryTranslatorFactory
2016-07-19 08:58:05,579 [AWT-EventQueue-0] WARN  org.hibernate.jpa.internal.EntityManagerFactoryRegistry.addEntityManagerFactory(EntityManagerFactoryRegistry.java:80) - HHH000436: Entity manager factory name (trzUnit) is already registered.  If entity manager will be clustered or passivated, specify a unique value for property 'hibernate.ejb.entitymanager_factory_name'
2016-07-19 09:02:13,668 [AWT-EventQueue-0] INFO  org.hibernate.jpa.internal.util.LogHelper.logPersistenceUnitInformation(LogHelper.java:46) - HHH000204: Processing PersistenceUnitInfo [
	name: trzUnit
	...]
2016-07-19 09:02:13,820 [AWT-EventQueue-0] INFO  org.hibernate.Version.logVersion(Version.java:54) - HHH000412: Hibernate Core {4.3.8.Final}
2016-07-19 09:02:13,823 [AWT-EventQueue-0] INFO  org.hibernate.cfg.Environment.<clinit>(Environment.java:239) - HHH000206: hibernate.properties not found
2016-07-19 09:02:13,826 [AWT-EventQueue-0] INFO  org.hibernate.cfg.Environment.buildBytecodeProvider(Environment.java:346) - HHH000021: Bytecode provider name : javassist
2016-07-19 09:02:14,212 [AWT-EventQueue-0] INFO  org.hibernate.annotations.common.reflection.java.JavaReflectionManager.<clinit>(JavaReflectionManager.java:66) - HCANN000001: Hibernate Commons Annotations {4.0.5.Final}
2016-07-19 09:02:14,289 [AWT-EventQueue-0] INFO  org.hibernate.c3p0.internal.C3P0ConnectionProvider.configure(C3P0ConnectionProvider.java:134) - HHH010002: C3P0 using driver: oracle.jdbc.OracleDriver at URL: jdbc:oracle:thin:@localhost:1521/xe
2016-07-19 09:02:14,290 [AWT-EventQueue-0] INFO  org.hibernate.c3p0.internal.C3P0ConnectionProvider.configure(C3P0ConnectionProvider.java:135) - HHH000046: Connection properties: {user=trz, password=****}
2016-07-19 09:02:14,290 [AWT-EventQueue-0] INFO  org.hibernate.c3p0.internal.C3P0ConnectionProvider.configure(C3P0ConnectionProvider.java:138) - HHH000006: Autocommit mode: false
2016-07-19 09:02:15,279 [AWT-EventQueue-0] INFO  org.hibernate.dialect.Dialect.<init>(Dialect.java:145) - HHH000400: Using dialect: org.hibernate.dialect.Oracle10gDialect
2016-07-19 09:02:15,290 [AWT-EventQueue-0] INFO  org.hibernate.engine.jdbc.internal.LobCreatorBuilder.useContextualLobCreation(LobCreatorBuilder.java:123) - HHH000424: Disabling contextual LOB creation as createClob() method threw error : java.lang.reflect.InvocationTargetException
2016-07-19 09:02:15,731 [AWT-EventQueue-0] INFO  org.hibernate.hql.internal.ast.ASTQueryTranslatorFactory.<init>(ASTQueryTranslatorFactory.java:47) - HHH000397: Using ASTQueryTranslatorFactory
2016-07-19 09:03:33,966 [AWT-EventQueue-0] INFO  org.hibernate.jpa.internal.util.LogHelper.logPersistenceUnitInformation(LogHelper.java:46) - HHH000204: Processing PersistenceUnitInfo [
	name: trzUnit
	...]
2016-07-19 09:03:34,554 [AWT-EventQueue-0] INFO  org.hibernate.c3p0.internal.C3P0ConnectionProvider.configure(C3P0ConnectionProvider.java:134) - HHH010002: C3P0 using driver: oracle.jdbc.OracleDriver at URL: jdbc:oracle:thin:@localhost:1521/xe
2016-07-19 09:03:34,555 [AWT-EventQueue-0] INFO  org.hibernate.c3p0.internal.C3P0ConnectionProvider.configure(C3P0ConnectionProvider.java:135) - HHH000046: Connection properties: {user=trz, password=****}
2016-07-19 09:03:34,556 [AWT-EventQueue-0] INFO  org.hibernate.c3p0.internal.C3P0ConnectionProvider.configure(C3P0ConnectionProvider.java:138) - HHH000006: Autocommit mode: false
2016-07-19 09:03:34,718 [AWT-EventQueue-0] INFO  org.hibernate.dialect.Dialect.<init>(Dialect.java:145) - HHH000400: Using dialect: org.hibernate.dialect.Oracle10gDialect
2016-07-19 09:03:34,720 [AWT-EventQueue-0] INFO  org.hibernate.engine.jdbc.internal.LobCreatorBuilder.useContextualLobCreation(LobCreatorBuilder.java:123) - HHH000424: Disabling contextual LOB creation as createClob() method threw error : java.lang.reflect.InvocationTargetException
2016-07-19 09:03:34,819 [AWT-EventQueue-0] INFO  org.hibernate.hql.internal.ast.ASTQueryTranslatorFactory.<init>(ASTQueryTranslatorFactory.java:47) - HHH000397: Using ASTQueryTranslatorFactory
2016-07-19 09:03:35,002 [AWT-EventQueue-0] WARN  org.hibernate.jpa.internal.EntityManagerFactoryRegistry.addEntityManagerFactory(EntityManagerFactoryRegistry.java:80) - HHH000436: Entity manager factory name (trzUnit) is already registered.  If entity manager will be clustered or passivated, specify a unique value for property 'hibernate.ejb.entitymanager_factory_name'
2016-07-19 09:05:42,959 [AWT-EventQueue-0] INFO  org.hibernate.jpa.internal.util.LogHelper.logPersistenceUnitInformation(LogHelper.java:46) - HHH000204: Processing PersistenceUnitInfo [
	name: trzUnit
	...]
2016-07-19 09:05:43,076 [AWT-EventQueue-0] INFO  org.hibernate.Version.logVersion(Version.java:54) - HHH000412: Hibernate Core {4.3.8.Final}
2016-07-19 09:05:43,080 [AWT-EventQueue-0] INFO  org.hibernate.cfg.Environment.<clinit>(Environment.java:239) - HHH000206: hibernate.properties not found
2016-07-19 09:05:43,083 [AWT-EventQueue-0] INFO  org.hibernate.cfg.Environment.buildBytecodeProvider(Environment.java:346) - HHH000021: Bytecode provider name : javassist
2016-07-19 09:05:43,498 [AWT-EventQueue-0] INFO  org.hibernate.annotations.common.reflection.java.JavaReflectionManager.<clinit>(JavaReflectionManager.java:66) - HCANN000001: Hibernate Commons Annotations {4.0.5.Final}
2016-07-19 09:05:43,556 [AWT-EventQueue-0] INFO  org.hibernate.c3p0.internal.C3P0ConnectionProvider.configure(C3P0ConnectionProvider.java:134) - HHH010002: C3P0 using driver: oracle.jdbc.OracleDriver at URL: jdbc:oracle:thin:@localhost:1521/xe
2016-07-19 09:05:43,556 [AWT-EventQueue-0] INFO  org.hibernate.c3p0.internal.C3P0ConnectionProvider.configure(C3P0ConnectionProvider.java:135) - HHH000046: Connection properties: {user=trz, password=****}
2016-07-19 09:05:43,556 [AWT-EventQueue-0] INFO  org.hibernate.c3p0.internal.C3P0ConnectionProvider.configure(C3P0ConnectionProvider.java:138) - HHH000006: Autocommit mode: false
2016-07-19 09:05:44,281 [AWT-EventQueue-0] INFO  org.hibernate.dialect.Dialect.<init>(Dialect.java:145) - HHH000400: Using dialect: org.hibernate.dialect.Oracle10gDialect
2016-07-19 09:05:44,291 [AWT-EventQueue-0] INFO  org.hibernate.engine.jdbc.internal.LobCreatorBuilder.useContextualLobCreation(LobCreatorBuilder.java:123) - HHH000424: Disabling contextual LOB creation as createClob() method threw error : java.lang.reflect.InvocationTargetException
2016-07-19 09:05:44,646 [AWT-EventQueue-0] INFO  org.hibernate.hql.internal.ast.ASTQueryTranslatorFactory.<init>(ASTQueryTranslatorFactory.java:47) - HHH000397: Using ASTQueryTranslatorFactory
2016-07-19 09:08:05,496 [AWT-EventQueue-0] INFO  org.hibernate.jpa.internal.util.LogHelper.logPersistenceUnitInformation(LogHelper.java:46) - HHH000204: Processing PersistenceUnitInfo [
	name: trzUnit
	...]
2016-07-19 09:08:05,636 [AWT-EventQueue-0] INFO  org.hibernate.Version.logVersion(Version.java:54) - HHH000412: Hibernate Core {4.3.8.Final}
2016-07-19 09:08:05,640 [AWT-EventQueue-0] INFO  org.hibernate.cfg.Environment.<clinit>(Environment.java:239) - HHH000206: hibernate.properties not found
2016-07-19 09:08:05,645 [AWT-EventQueue-0] INFO  org.hibernate.cfg.Environment.buildBytecodeProvider(Environment.java:346) - HHH000021: Bytecode provider name : javassist
2016-07-19 09:08:06,023 [AWT-EventQueue-0] INFO  org.hibernate.annotations.common.reflection.java.JavaReflectionManager.<clinit>(JavaReflectionManager.java:66) - HCANN000001: Hibernate Commons Annotations {4.0.5.Final}
2016-07-19 09:08:06,088 [AWT-EventQueue-0] INFO  org.hibernate.c3p0.internal.C3P0ConnectionProvider.configure(C3P0ConnectionProvider.java:134) - HHH010002: C3P0 using driver: oracle.jdbc.OracleDriver at URL: jdbc:oracle:thin:@localhost:1521/xe
2016-07-19 09:08:06,088 [AWT-EventQueue-0] INFO  org.hibernate.c3p0.internal.C3P0ConnectionProvider.configure(C3P0ConnectionProvider.java:135) - HHH000046: Connection properties: {user=trz, password=****}
2016-07-19 09:08:06,088 [AWT-EventQueue-0] INFO  org.hibernate.c3p0.internal.C3P0ConnectionProvider.configure(C3P0ConnectionProvider.java:138) - HHH000006: Autocommit mode: false
2016-07-19 09:08:06,955 [AWT-EventQueue-0] INFO  org.hibernate.dialect.Dialect.<init>(Dialect.java:145) - HHH000400: Using dialect: org.hibernate.dialect.Oracle10gDialect
2016-07-19 09:08:06,966 [AWT-EventQueue-0] INFO  org.hibernate.engine.jdbc.internal.LobCreatorBuilder.useContextualLobCreation(LobCreatorBuilder.java:123) - HHH000424: Disabling contextual LOB creation as createClob() method threw error : java.lang.reflect.InvocationTargetException
2016-07-19 09:08:07,398 [AWT-EventQueue-0] INFO  org.hibernate.hql.internal.ast.ASTQueryTranslatorFactory.<init>(ASTQueryTranslatorFactory.java:47) - HHH000397: Using ASTQueryTranslatorFactory
2016-07-19 09:31:14,426 [AWT-EventQueue-0] INFO  org.hibernate.jpa.internal.util.LogHelper.logPersistenceUnitInformation(LogHelper.java:46) - HHH000204: Processing PersistenceUnitInfo [
	name: trzUnit
	...]
2016-07-19 09:31:14,551 [AWT-EventQueue-0] INFO  org.hibernate.Version.logVersion(Version.java:54) - HHH000412: Hibernate Core {4.3.8.Final}
2016-07-19 09:31:14,554 [AWT-EventQueue-0] INFO  org.hibernate.cfg.Environment.<clinit>(Environment.java:239) - HHH000206: hibernate.properties not found
2016-07-19 09:31:14,558 [AWT-EventQueue-0] INFO  org.hibernate.cfg.Environment.buildBytecodeProvider(Environment.java:346) - HHH000021: Bytecode provider name : javassist
2016-07-19 09:31:14,933 [AWT-EventQueue-0] INFO  org.hibernate.annotations.common.reflection.java.JavaReflectionManager.<clinit>(JavaReflectionManager.java:66) - HCANN000001: Hibernate Commons Annotations {4.0.5.Final}
2016-07-19 09:31:14,983 [AWT-EventQueue-0] INFO  org.hibernate.c3p0.internal.C3P0ConnectionProvider.configure(C3P0ConnectionProvider.java:134) - HHH010002: C3P0 using driver: oracle.jdbc.OracleDriver at URL: jdbc:oracle:thin:@localhost:1521/xe
2016-07-19 09:31:14,983 [AWT-EventQueue-0] INFO  org.hibernate.c3p0.internal.C3P0ConnectionProvider.configure(C3P0ConnectionProvider.java:135) - HHH000046: Connection properties: {user=trz, password=****}
2016-07-19 09:31:14,984 [AWT-EventQueue-0] INFO  org.hibernate.c3p0.internal.C3P0ConnectionProvider.configure(C3P0ConnectionProvider.java:138) - HHH000006: Autocommit mode: false
2016-07-19 09:31:15,708 [AWT-EventQueue-0] INFO  org.hibernate.dialect.Dialect.<init>(Dialect.java:145) - HHH000400: Using dialect: org.hibernate.dialect.Oracle10gDialect
2016-07-19 09:31:15,720 [AWT-EventQueue-0] INFO  org.hibernate.engine.jdbc.internal.LobCreatorBuilder.useContextualLobCreation(LobCreatorBuilder.java:123) - HHH000424: Disabling contextual LOB creation as createClob() method threw error : java.lang.reflect.InvocationTargetException
2016-07-19 09:31:16,095 [AWT-EventQueue-0] INFO  org.hibernate.hql.internal.ast.ASTQueryTranslatorFactory.<init>(ASTQueryTranslatorFactory.java:47) - HHH000397: Using ASTQueryTranslatorFactory
2016-07-19 09:33:03,254 [AWT-EventQueue-0] INFO  org.hibernate.jpa.internal.util.LogHelper.logPersistenceUnitInformation(LogHelper.java:46) - HHH000204: Processing PersistenceUnitInfo [
	name: trzUnit
	...]
2016-07-19 09:33:03,373 [AWT-EventQueue-0] INFO  org.hibernate.Version.logVersion(Version.java:54) - HHH000412: Hibernate Core {4.3.8.Final}
2016-07-19 09:33:03,374 [AWT-EventQueue-0] INFO  org.hibernate.cfg.Environment.<clinit>(Environment.java:239) - HHH000206: hibernate.properties not found
2016-07-19 09:33:03,376 [AWT-EventQueue-0] INFO  org.hibernate.cfg.Environment.buildBytecodeProvider(Environment.java:346) - HHH000021: Bytecode provider name : javassist
2016-07-19 09:33:03,900 [AWT-EventQueue-0] INFO  org.hibernate.annotations.common.reflection.java.JavaReflectionManager.<clinit>(JavaReflectionManager.java:66) - HCANN000001: Hibernate Commons Annotations {4.0.5.Final}
2016-07-19 09:33:03,953 [AWT-EventQueue-0] INFO  org.hibernate.c3p0.internal.C3P0ConnectionProvider.configure(C3P0ConnectionProvider.java:134) - HHH010002: C3P0 using driver: oracle.jdbc.OracleDriver at URL: jdbc:oracle:thin:@localhost:1521/xe
2016-07-19 09:33:03,953 [AWT-EventQueue-0] INFO  org.hibernate.c3p0.internal.C3P0ConnectionProvider.configure(C3P0ConnectionProvider.java:135) - HHH000046: Connection properties: {user=trz, password=****}
2016-07-19 09:33:03,954 [AWT-EventQueue-0] INFO  org.hibernate.c3p0.internal.C3P0ConnectionProvider.configure(C3P0ConnectionProvider.java:138) - HHH000006: Autocommit mode: false
2016-07-19 09:33:04,686 [AWT-EventQueue-0] INFO  org.hibernate.dialect.Dialect.<init>(Dialect.java:145) - HHH000400: Using dialect: org.hibernate.dialect.Oracle10gDialect
2016-07-19 09:33:04,695 [AWT-EventQueue-0] INFO  org.hibernate.engine.jdbc.internal.LobCreatorBuilder.useContextualLobCreation(LobCreatorBuilder.java:123) - HHH000424: Disabling contextual LOB creation as createClob() method threw error : java.lang.reflect.InvocationTargetException
2016-07-19 09:33:05,072 [AWT-EventQueue-0] INFO  org.hibernate.hql.internal.ast.ASTQueryTranslatorFactory.<init>(ASTQueryTranslatorFactory.java:47) - HHH000397: Using ASTQueryTranslatorFactory
2016-07-19 09:33:53,366 [AWT-EventQueue-0] INFO  org.hibernate.jpa.internal.util.LogHelper.logPersistenceUnitInformation(LogHelper.java:46) - HHH000204: Processing PersistenceUnitInfo [
	name: trzUnit
	...]
2016-07-19 09:33:53,484 [AWT-EventQueue-0] INFO  org.hibernate.Version.logVersion(Version.java:54) - HHH000412: Hibernate Core {4.3.8.Final}
2016-07-19 09:33:53,486 [AWT-EventQueue-0] INFO  org.hibernate.cfg.Environment.<clinit>(Environment.java:239) - HHH000206: hibernate.properties not found
2016-07-19 09:33:53,489 [AWT-EventQueue-0] INFO  org.hibernate.cfg.Environment.buildBytecodeProvider(Environment.java:346) - HHH000021: Bytecode provider name : javassist
2016-07-19 09:33:53,812 [AWT-EventQueue-0] INFO  org.hibernate.annotations.common.reflection.java.JavaReflectionManager.<clinit>(JavaReflectionManager.java:66) - HCANN000001: Hibernate Commons Annotations {4.0.5.Final}
2016-07-19 09:33:53,868 [AWT-EventQueue-0] INFO  org.hibernate.c3p0.internal.C3P0ConnectionProvider.configure(C3P0ConnectionProvider.java:134) - HHH010002: C3P0 using driver: oracle.jdbc.OracleDriver at URL: jdbc:oracle:thin:@localhost:1521/xe
2016-07-19 09:33:53,869 [AWT-EventQueue-0] INFO  org.hibernate.c3p0.internal.C3P0ConnectionProvider.configure(C3P0ConnectionProvider.java:135) - HHH000046: Connection properties: {user=trz, password=****}
2016-07-19 09:33:53,869 [AWT-EventQueue-0] INFO  org.hibernate.c3p0.internal.C3P0ConnectionProvider.configure(C3P0ConnectionProvider.java:138) - HHH000006: Autocommit mode: false
2016-07-19 09:33:54,596 [AWT-EventQueue-0] INFO  org.hibernate.dialect.Dialect.<init>(Dialect.java:145) - HHH000400: Using dialect: org.hibernate.dialect.Oracle10gDialect
2016-07-19 09:33:54,604 [AWT-EventQueue-0] INFO  org.hibernate.engine.jdbc.internal.LobCreatorBuilder.useContextualLobCreation(LobCreatorBuilder.java:123) - HHH000424: Disabling contextual LOB creation as createClob() method threw error : java.lang.reflect.InvocationTargetException
2016-07-19 09:33:54,981 [AWT-EventQueue-0] INFO  org.hibernate.hql.internal.ast.ASTQueryTranslatorFactory.<init>(ASTQueryTranslatorFactory.java:47) - HHH000397: Using ASTQueryTranslatorFactory
2016-08-16 23:25:31,740 [AWT-EventQueue-0] INFO  org.hibernate.jpa.internal.util.LogHelper.logPersistenceUnitInformation(LogHelper.java:46) - HHH000204: Processing PersistenceUnitInfo [
	name: trzUnit
	...]
2016-08-16 23:25:31,865 [AWT-EventQueue-0] INFO  org.hibernate.Version.logVersion(Version.java:54) - HHH000412: Hibernate Core {4.3.8.Final}
2016-08-16 23:25:31,867 [AWT-EventQueue-0] INFO  org.hibernate.cfg.Environment.<clinit>(Environment.java:239) - HHH000206: hibernate.properties not found
2016-08-16 23:25:31,869 [AWT-EventQueue-0] INFO  org.hibernate.cfg.Environment.buildBytecodeProvider(Environment.java:346) - HHH000021: Bytecode provider name : javassist
2016-08-16 23:25:32,295 [AWT-EventQueue-0] INFO  org.hibernate.annotations.common.reflection.java.JavaReflectionManager.<clinit>(JavaReflectionManager.java:66) - HCANN000001: Hibernate Commons Annotations {4.0.5.Final}
2016-08-16 23:25:32,348 [AWT-EventQueue-0] INFO  org.hibernate.c3p0.internal.C3P0ConnectionProvider.configure(C3P0ConnectionProvider.java:134) - HHH010002: C3P0 using driver: oracle.jdbc.OracleDriver at URL: jdbc:oracle:thin:@localhost:1521/xe
2016-08-16 23:25:32,349 [AWT-EventQueue-0] INFO  org.hibernate.c3p0.internal.C3P0ConnectionProvider.configure(C3P0ConnectionProvider.java:135) - HHH000046: Connection properties: {user=trz, password=****}
2016-08-16 23:25:32,349 [AWT-EventQueue-0] INFO  org.hibernate.c3p0.internal.C3P0ConnectionProvider.configure(C3P0ConnectionProvider.java:138) - HHH000006: Autocommit mode: false
2016-08-16 23:25:34,266 [AWT-EventQueue-0] INFO  org.hibernate.dialect.Dialect.<init>(Dialect.java:145) - HHH000400: Using dialect: org.hibernate.dialect.Oracle10gDialect
2016-08-16 23:25:34,275 [AWT-EventQueue-0] INFO  org.hibernate.engine.jdbc.internal.LobCreatorBuilder.useContextualLobCreation(LobCreatorBuilder.java:123) - HHH000424: Disabling contextual LOB creation as createClob() method threw error : java.lang.reflect.InvocationTargetException
2016-08-16 23:25:34,631 [AWT-EventQueue-0] INFO  org.hibernate.hql.internal.ast.ASTQueryTranslatorFactory.<init>(ASTQueryTranslatorFactory.java:47) - HHH000397: Using ASTQueryTranslatorFactory
2016-08-16 23:59:22,299 [AWT-EventQueue-0] INFO  org.hibernate.jpa.internal.util.LogHelper.logPersistenceUnitInformation(LogHelper.java:46) - HHH000204: Processing PersistenceUnitInfo [
	name: trzUnit
	...]
2016-08-16 23:59:22,414 [AWT-EventQueue-0] INFO  org.hibernate.Version.logVersion(Version.java:54) - HHH000412: Hibernate Core {4.3.8.Final}
2016-08-16 23:59:22,416 [AWT-EventQueue-0] INFO  org.hibernate.cfg.Environment.<clinit>(Environment.java:239) - HHH000206: hibernate.properties not found
2016-08-16 23:59:22,418 [AWT-EventQueue-0] INFO  org.hibernate.cfg.Environment.buildBytecodeProvider(Environment.java:346) - HHH000021: Bytecode provider name : javassist
2016-08-16 23:59:22,731 [AWT-EventQueue-0] INFO  org.hibernate.annotations.common.reflection.java.JavaReflectionManager.<clinit>(JavaReflectionManager.java:66) - HCANN000001: Hibernate Commons Annotations {4.0.5.Final}
2016-08-16 23:59:22,786 [AWT-EventQueue-0] INFO  org.hibernate.c3p0.internal.C3P0ConnectionProvider.configure(C3P0ConnectionProvider.java:134) - HHH010002: C3P0 using driver: oracle.jdbc.OracleDriver at URL: jdbc:oracle:thin:@localhost:1521/xe
2016-08-16 23:59:22,787 [AWT-EventQueue-0] INFO  org.hibernate.c3p0.internal.C3P0ConnectionProvider.configure(C3P0ConnectionProvider.java:135) - HHH000046: Connection properties: {user=trz, password=****}
2016-08-16 23:59:22,787 [AWT-EventQueue-0] INFO  org.hibernate.c3p0.internal.C3P0ConnectionProvider.configure(C3P0ConnectionProvider.java:138) - HHH000006: Autocommit mode: false
2016-08-16 23:59:23,512 [AWT-EventQueue-0] INFO  org.hibernate.dialect.Dialect.<init>(Dialect.java:145) - HHH000400: Using dialect: org.hibernate.dialect.Oracle10gDialect
2016-08-16 23:59:23,525 [AWT-EventQueue-0] INFO  org.hibernate.engine.jdbc.internal.LobCreatorBuilder.useContextualLobCreation(LobCreatorBuilder.java:123) - HHH000424: Disabling contextual LOB creation as createClob() method threw error : java.lang.reflect.InvocationTargetException
2016-08-16 23:59:23,858 [AWT-EventQueue-0] INFO  org.hibernate.hql.internal.ast.ASTQueryTranslatorFactory.<init>(ASTQueryTranslatorFactory.java:47) - HHH000397: Using ASTQueryTranslatorFactory
2016-08-17 00:00:28,402 [AWT-EventQueue-0] INFO  org.hibernate.jpa.internal.util.LogHelper.logPersistenceUnitInformation(LogHelper.java:46) - HHH000204: Processing PersistenceUnitInfo [
	name: trzUnit
	...]
2016-08-17 00:00:28,542 [AWT-EventQueue-0] INFO  org.hibernate.Version.logVersion(Version.java:54) - HHH000412: Hibernate Core {4.3.8.Final}
2016-08-17 00:00:28,545 [AWT-EventQueue-0] INFO  org.hibernate.cfg.Environment.<clinit>(Environment.java:239) - HHH000206: hibernate.properties not found
2016-08-17 00:00:28,547 [AWT-EventQueue-0] INFO  org.hibernate.cfg.Environment.buildBytecodeProvider(Environment.java:346) - HHH000021: Bytecode provider name : javassist
2016-08-17 00:00:28,896 [AWT-EventQueue-0] INFO  org.hibernate.annotations.common.reflection.java.JavaReflectionManager.<clinit>(JavaReflectionManager.java:66) - HCANN000001: Hibernate Commons Annotations {4.0.5.Final}
2016-08-17 00:00:28,957 [AWT-EventQueue-0] INFO  org.hibernate.c3p0.internal.C3P0ConnectionProvider.configure(C3P0ConnectionProvider.java:134) - HHH010002: C3P0 using driver: oracle.jdbc.OracleDriver at URL: jdbc:oracle:thin:@localhost:1521/xe
2016-08-17 00:00:28,957 [AWT-EventQueue-0] INFO  org.hibernate.c3p0.internal.C3P0ConnectionProvider.configure(C3P0ConnectionProvider.java:135) - HHH000046: Connection properties: {user=trz, password=****}
2016-08-17 00:00:28,958 [AWT-EventQueue-0] INFO  org.hibernate.c3p0.internal.C3P0ConnectionProvider.configure(C3P0ConnectionProvider.java:138) - HHH000006: Autocommit mode: false
2016-08-17 00:00:29,767 [AWT-EventQueue-0] INFO  org.hibernate.dialect.Dialect.<init>(Dialect.java:145) - HHH000400: Using dialect: org.hibernate.dialect.Oracle10gDialect
2016-08-17 00:00:29,778 [AWT-EventQueue-0] INFO  org.hibernate.engine.jdbc.internal.LobCreatorBuilder.useContextualLobCreation(LobCreatorBuilder.java:123) - HHH000424: Disabling contextual LOB creation as createClob() method threw error : java.lang.reflect.InvocationTargetException
2016-08-17 00:00:30,172 [AWT-EventQueue-0] INFO  org.hibernate.hql.internal.ast.ASTQueryTranslatorFactory.<init>(ASTQueryTranslatorFactory.java:47) - HHH000397: Using ASTQueryTranslatorFactory
2016-08-17 00:04:04,536 [AWT-EventQueue-0] INFO  org.hibernate.jpa.internal.util.LogHelper.logPersistenceUnitInformation(LogHelper.java:46) - HHH000204: Processing PersistenceUnitInfo [
	name: trzUnit
	...]
2016-08-17 00:04:04,647 [AWT-EventQueue-0] INFO  org.hibernate.Version.logVersion(Version.java:54) - HHH000412: Hibernate Core {4.3.8.Final}
2016-08-17 00:04:04,648 [AWT-EventQueue-0] INFO  org.hibernate.cfg.Environment.<clinit>(Environment.java:239) - HHH000206: hibernate.properties not found
2016-08-17 00:04:04,651 [AWT-EventQueue-0] INFO  org.hibernate.cfg.Environment.buildBytecodeProvider(Environment.java:346) - HHH000021: Bytecode provider name : javassist
2016-08-17 00:04:04,967 [AWT-EventQueue-0] INFO  org.hibernate.annotations.common.reflection.java.JavaReflectionManager.<clinit>(JavaReflectionManager.java:66) - HCANN000001: Hibernate Commons Annotations {4.0.5.Final}
2016-08-17 00:04:05,016 [AWT-EventQueue-0] INFO  org.hibernate.c3p0.internal.C3P0ConnectionProvider.configure(C3P0ConnectionProvider.java:134) - HHH010002: C3P0 using driver: oracle.jdbc.OracleDriver at URL: jdbc:oracle:thin:@localhost:1521/xe
2016-08-17 00:04:05,016 [AWT-EventQueue-0] INFO  org.hibernate.c3p0.internal.C3P0ConnectionProvider.configure(C3P0ConnectionProvider.java:135) - HHH000046: Connection properties: {user=trz, password=****}
2016-08-17 00:04:05,016 [AWT-EventQueue-0] INFO  org.hibernate.c3p0.internal.C3P0ConnectionProvider.configure(C3P0ConnectionProvider.java:138) - HHH000006: Autocommit mode: false
2016-08-17 00:04:05,720 [AWT-EventQueue-0] INFO  org.hibernate.dialect.Dialect.<init>(Dialect.java:145) - HHH000400: Using dialect: org.hibernate.dialect.Oracle10gDialect
2016-08-17 00:04:05,733 [AWT-EventQueue-0] INFO  org.hibernate.engine.jdbc.internal.LobCreatorBuilder.useContextualLobCreation(LobCreatorBuilder.java:123) - HHH000424: Disabling contextual LOB creation as createClob() method threw error : java.lang.reflect.InvocationTargetException
2016-08-17 00:04:06,140 [AWT-EventQueue-0] INFO  org.hibernate.hql.internal.ast.ASTQueryTranslatorFactory.<init>(ASTQueryTranslatorFactory.java:47) - HHH000397: Using ASTQueryTranslatorFactory
2016-08-17 00:05:31,769 [AWT-EventQueue-0] INFO  org.hibernate.jpa.internal.util.LogHelper.logPersistenceUnitInformation(LogHelper.java:46) - HHH000204: Processing PersistenceUnitInfo [
	name: trzUnit
	...]
2016-08-17 00:05:31,873 [AWT-EventQueue-0] INFO  org.hibernate.Version.logVersion(Version.java:54) - HHH000412: Hibernate Core {4.3.8.Final}
2016-08-17 00:05:31,876 [AWT-EventQueue-0] INFO  org.hibernate.cfg.Environment.<clinit>(Environment.java:239) - HHH000206: hibernate.properties not found
2016-08-17 00:05:31,879 [AWT-EventQueue-0] INFO  org.hibernate.cfg.Environment.buildBytecodeProvider(Environment.java:346) - HHH000021: Bytecode provider name : javassist
2016-08-17 00:05:32,184 [AWT-EventQueue-0] INFO  org.hibernate.annotations.common.reflection.java.JavaReflectionManager.<clinit>(JavaReflectionManager.java:66) - HCANN000001: Hibernate Commons Annotations {4.0.5.Final}
2016-08-17 00:05:32,234 [AWT-EventQueue-0] INFO  org.hibernate.c3p0.internal.C3P0ConnectionProvider.configure(C3P0ConnectionProvider.java:134) - HHH010002: C3P0 using driver: oracle.jdbc.OracleDriver at URL: jdbc:oracle:thin:@localhost:1521/xe
2016-08-17 00:05:32,234 [AWT-EventQueue-0] INFO  org.hibernate.c3p0.internal.C3P0ConnectionProvider.configure(C3P0ConnectionProvider.java:135) - HHH000046: Connection properties: {user=trz, password=****}
2016-08-17 00:05:32,235 [AWT-EventQueue-0] INFO  org.hibernate.c3p0.internal.C3P0ConnectionProvider.configure(C3P0ConnectionProvider.java:138) - HHH000006: Autocommit mode: false
2016-08-17 00:05:32,923 [AWT-EventQueue-0] INFO  org.hibernate.dialect.Dialect.<init>(Dialect.java:145) - HHH000400: Using dialect: org.hibernate.dialect.Oracle10gDialect
2016-08-17 00:05:32,931 [AWT-EventQueue-0] INFO  org.hibernate.engine.jdbc.internal.LobCreatorBuilder.useContextualLobCreation(LobCreatorBuilder.java:123) - HHH000424: Disabling contextual LOB creation as createClob() method threw error : java.lang.reflect.InvocationTargetException
2016-08-17 00:05:33,263 [AWT-EventQueue-0] INFO  org.hibernate.hql.internal.ast.ASTQueryTranslatorFactory.<init>(ASTQueryTranslatorFactory.java:47) - HHH000397: Using ASTQueryTranslatorFactory
2016-08-17 00:07:04,320 [AWT-EventQueue-0] INFO  org.hibernate.jpa.internal.util.LogHelper.logPersistenceUnitInformation(LogHelper.java:46) - HHH000204: Processing PersistenceUnitInfo [
	name: trzUnit
	...]
2016-08-17 00:07:04,428 [AWT-EventQueue-0] INFO  org.hibernate.Version.logVersion(Version.java:54) - HHH000412: Hibernate Core {4.3.8.Final}
2016-08-17 00:07:04,431 [AWT-EventQueue-0] INFO  org.hibernate.cfg.Environment.<clinit>(Environment.java:239) - HHH000206: hibernate.properties not found
2016-08-17 00:07:04,433 [AWT-EventQueue-0] INFO  org.hibernate.cfg.Environment.buildBytecodeProvider(Environment.java:346) - HHH000021: Bytecode provider name : javassist
2016-08-17 00:07:04,750 [AWT-EventQueue-0] INFO  org.hibernate.annotations.common.reflection.java.JavaReflectionManager.<clinit>(JavaReflectionManager.java:66) - HCANN000001: Hibernate Commons Annotations {4.0.5.Final}
2016-08-17 00:07:04,803 [AWT-EventQueue-0] INFO  org.hibernate.c3p0.internal.C3P0ConnectionProvider.configure(C3P0ConnectionProvider.java:134) - HHH010002: C3P0 using driver: oracle.jdbc.OracleDriver at URL: jdbc:oracle:thin:@localhost:1521/xe
2016-08-17 00:07:04,804 [AWT-EventQueue-0] INFO  org.hibernate.c3p0.internal.C3P0ConnectionProvider.configure(C3P0ConnectionProvider.java:135) - HHH000046: Connection properties: {user=trz, password=****}
2016-08-17 00:07:04,804 [AWT-EventQueue-0] INFO  org.hibernate.c3p0.internal.C3P0ConnectionProvider.configure(C3P0ConnectionProvider.java:138) - HHH000006: Autocommit mode: false
2016-08-17 00:07:05,494 [AWT-EventQueue-0] INFO  org.hibernate.dialect.Dialect.<init>(Dialect.java:145) - HHH000400: Using dialect: org.hibernate.dialect.Oracle10gDialect
2016-08-17 00:07:05,505 [AWT-EventQueue-0] INFO  org.hibernate.engine.jdbc.internal.LobCreatorBuilder.useContextualLobCreation(LobCreatorBuilder.java:123) - HHH000424: Disabling contextual LOB creation as createClob() method threw error : java.lang.reflect.InvocationTargetException
2016-08-17 00:07:05,849 [AWT-EventQueue-0] INFO  org.hibernate.hql.internal.ast.ASTQueryTranslatorFactory.<init>(ASTQueryTranslatorFactory.java:47) - HHH000397: Using ASTQueryTranslatorFactory
